Log file open, 04/28/19 13:45:18
LogWindows: Failed to load 'aqProf.dll' (GetLastError=126)
LogWindows: File 'aqProf.dll' does not exist
LogWindows: Failed to load 'VtuneApi.dll' (GetLastError=126)
LogWindows: File 'VtuneApi.dll' does not exist
LogWindows: Failed to load 'VtuneApi32e.dll' (GetLastError=126)
LogWindows: File 'VtuneApi32e.dll' does not exist
LogConsoleResponse: Display: Failed to find resolution value strings in scalability ini. Falling back to default.
LogInit: Display: Running engine for game: FuseImportTut
LogPakFile: Registered encryption key '00000000000000000000000000000000': 0 pak files mounted, 0 remain pending
LogPlatformFile: Not using cached read wrapper
LogTaskGraph: Started task graph with 5 named threads and 35 total threads with 3 sets of task threads.
LogStats: Stats thread started at 0.754626
LogD3D11RHI: Loaded GFSDK_Aftermath_Lib.x64.dll
LogWindows: Failed to load '../../../Engine/Binaries/ThirdParty/libsndfile/Win64/libsndfile-1.dll' (GetLastError=126)
LogWindows: File '../../../Engine/Binaries/ThirdParty/libsndfile/Win64/libsndfile-1.dll' does not exist
LogAudioMixer: Display: Failed to load Sound File dll
LogAudioEditor: Display: LibSoundFile failed to load. Importing audio will not work correctly.
LogICUInternationalization: ICU TimeZone Detection - Raw Offset: +1:00, Platform Override: ''
LogPluginManager: Mounting plugin Paper2D
LogPluginManager: Mounting plugin AISupport
LogPluginManager: Mounting plugin LightPropagationVolume
LogPluginManager: Mounting plugin ActorLayerUtilities
LogPluginManager: Mounting plugin AnimationSharing
LogPluginManager: Mounting plugin CLionSourceCodeAccess
LogPluginManager: Mounting plugin CodeLiteSourceCodeAccess
LogPluginManager: Mounting plugin GitSourceControl
LogPluginManager: Mounting plugin KDevelopSourceCodeAccess
LogPluginManager: Mounting plugin NullSourceCodeAccess
LogPluginManager: Mounting plugin PerforceSourceControl
LogPluginManager: Mounting plugin SubversionSourceControl
LogPluginManager: Mounting plugin UObjectPlugin
LogPluginManager: Mounting plugin VisualStudioCodeSourceCodeAccess
LogPluginManager: Mounting plugin VisualStudioSourceCodeAccess
LogPluginManager: Mounting plugin XCodeSourceCodeAccess
LogPluginManager: Mounting plugin AssetManagerEditor
LogPluginManager: Mounting plugin CryptoKeys
LogPluginManager: Mounting plugin DataValidation
LogPluginManager: Mounting plugin FacialAnimation
LogPluginManager: Mounting plugin GameplayTagsEditor
LogPluginManager: Mounting plugin MacGraphicsSwitching
LogPluginManager: Mounting plugin MaterialAnalyzer
LogPluginManager: Mounting plugin MobileLauncherProfileWizard
LogPluginManager: Mounting plugin PluginBrowser
LogPluginManager: Mounting plugin SpeedTreeImporter
LogPluginManager: Mounting plugin DatasmithContent
LogPluginManager: Mounting plugin VariantManagerContent
LogPluginManager: Mounting plugin AlembicImporter
LogPluginManager: Mounting plugin AppleImageUtils
LogPluginManager: Mounting plugin AppleVision
LogPluginManager: Mounting plugin BackChannel
LogPluginManager: Mounting plugin CharacterAI
LogPluginManager: Mounting plugin GeometryCache
LogPluginManager: Mounting plugin HTML5Networking
LogPluginManager: Mounting plugin ProxyLODPlugin
LogPluginManager: Mounting plugin SkeletalReduction
LogPluginManager: Mounting plugin MagicLeap
LogPluginManager: Mounting plugin MagicLeapMedia
LogPluginManager: Mounting plugin AndroidMedia
LogPluginManager: Mounting plugin AvfMedia
LogPluginManager: Mounting plugin ImgMedia
LogPluginManager: Mounting plugin LinearTimecode
LogPluginManager: Mounting plugin MediaCompositing
LogPluginManager: Mounting plugin MediaPlayerEditor
LogPluginManager: Mounting plugin WebMMedia
LogPluginManager: Mounting plugin WmfMedia
LogPluginManager: Mounting plugin TcpMessaging
LogPluginManager: Mounting plugin UdpMessaging
LogPluginManager: Mounting plugin ActorSequence
LogPluginManager: Mounting plugin LevelSequenceEditor
LogPluginManager: Mounting plugin MatineeToLevelSequence
LogPluginManager: Mounting plugin NetcodeUnitTest
LogPluginManager: Mounting plugin NUTUnrealEngine4
LogPluginManager: Mounting plugin OnlineSubsystemGooglePlay
LogPluginManager: Mounting plugin OnlineSubsystemIOS
LogPluginManager: Mounting plugin OnlineSubsystem
LogPluginManager: Mounting plugin OnlineSubsystemNull
LogPluginManager: Mounting plugin OnlineSubsystemUtils
LogPluginManager: Mounting plugin LauncherChunkInstaller
LogPluginManager: Mounting plugin AndroidDeviceProfileSelector
LogPluginManager: Mounting plugin AndroidMoviePlayer
LogPluginManager: Mounting plugin AndroidPermission
LogPluginManager: Mounting plugin AppleMoviePlayer
LogPluginManager: Mounting plugin ArchVisCharacter
LogPluginManager: Mounting plugin AudioCapture
LogPluginManager: Mounting plugin CableComponent
LogPluginManager: Mounting plugin CustomMeshComponent
LogPluginManager: Mounting plugin EditableMesh
LogPluginManager: Mounting plugin ExampleDeviceProfileSelector
LogPluginManager: Mounting plugin Firebase
LogPluginManager: Mounting plugin GoogleCloudMessaging
LogPluginManager: Mounting plugin IOSDeviceProfileSelector
LogPluginManager: Mounting plugin LinuxDeviceProfileSelector
LogPluginManager: Mounting plugin LocationServicesBPLibrary
LogPluginManager: Mounting plugin MobilePatchingUtils
LogPluginManager: Mounting plugin OculusVR
LogPluginManager: Mounting plugin PhysXVehicles
LogPluginManager: Mounting plugin ProceduralMeshComponent
LogPluginManager: Mounting plugin RuntimePhysXCooking
LogPluginManager: Mounting plugin SignificanceManager
LogPluginManager: Mounting plugin SteamVR
LogPluginManager: Mounting plugin WebMMoviePlayer
LogPluginManager: Mounting plugin WindowsMoviePlayer
LogInit: Using libcurl 7.55.1-DEV
LogInit:  - built for x86_64-pc-win32
LogInit:  - supports SSL with OpenSSL/1.1.1
LogInit:  - supports HTTP deflate (compression) using libz 1.2.8
LogInit:  - other features:
LogInit:      CURL_VERSION_SSL
LogInit:      CURL_VERSION_LIBZ
LogInit:      CURL_VERSION_IPV6
LogInit:      CURL_VERSION_ASYNCHDNS
LogInit:      CURL_VERSION_LARGEFILE
LogInit:      CURL_VERSION_IDN
LogInit:  CurlRequestOptions (configurable via config and command line):
LogInit:  - bVerifyPeer = true  - Libcurl will verify peer certificate
LogInit:  - bUseHttpProxy = false  - Libcurl will NOT use HTTP proxy
LogInit:  - bDontReuseConnections = false  - Libcurl will reuse connections
LogInit:  - MaxHostConnections = 16  - Libcurl will limit the number of connections to a host
LogInit:  - LocalHostAddr = Default
LogInit:  - BufferSize = 65536
LogInit: WinSock: version 1.1 (2.2), MaxSocks=32767, MaxUdp=65467
LogInit: Build: ++UE4+Release-4.22-CL-5660361
LogInit: Engine Version: 4.22.0-5660361+++UE4+Release-4.22
LogInit: Compatible Engine Version: 4.22.0-5660361+++UE4+Release-4.22
LogInit: Net CL: 5660361
LogInit: OS: Windows 10 (Release 1803) (), CPU: Intel(R) Core(TM) i7-8700K CPU @ 3.70GHz, GPU: NVIDIA GeForce GTX 1060 6GB
LogInit: Compiled (64-bit): Mar 31 2019 02:05:09
LogInit: Compiled with Visual C++: 19.16.27025.01
LogInit: Build Configuration: Development
LogInit: Branch Name: ++UE4+Release-4.22
LogInit: Command Line: 
LogInit: Base Directory: C:/Program Files/Epic Games/UE_4.22/Engine/Binaries/Win64/
LogInit: Installed Engine Build: 1
LogDevObjectVersion: Number of dev versions registered: 23
LogDevObjectVersion:   Dev-Blueprints (B0D832E4-1F89-4F0D-ACCF-7EB736FD4AA2): 10
LogDevObjectVersion:   Dev-Build (E1C64328-A22C-4D53-A36C-8E866417BD8C): 0
LogDevObjectVersion:   Dev-Core (375EC13C-06E4-48FB-B500-84F0262A717E): 3
LogDevObjectVersion:   Dev-Editor (E4B068ED-F494-42E9-A231-DA0B2E46BB41): 30
LogDevObjectVersion:   Dev-Framework (CFFC743F-43B0-4480-9391-14DF171D2073): 35
LogDevObjectVersion:   Dev-Mobile (B02B49B5-BB20-44E9-A304-32B752E40360): 2
LogDevObjectVersion:   Dev-Networking (A4E4105C-59A1-49B5-A7C5-40C4547EDFEE): 0
LogDevObjectVersion:   Dev-Online (39C831C9-5AE6-47DC-9A44-9C173E1C8E7C): 0
LogDevObjectVersion:   Dev-Physics (78F01B33-EBEA-4F98-B9B4-84EACCB95AA2): 0
LogDevObjectVersion:   Dev-Platform (6631380F-2D4D-43E0-8009-CF276956A95A): 0
LogDevObjectVersion:   Dev-Rendering (12F88B9F-8875-4AFC-A67C-D90C383ABD29): 28
LogDevObjectVersion:   Dev-Sequencer (7B5AE74C-D270-4C10-A958-57980B212A5A): 11
LogDevObjectVersion:   Dev-VR (D7296918-1DD6-4BDD-9DE2-64A83CC13884): 2
LogDevObjectVersion:   Dev-LoadTimes (C2A15278-BFE7-4AFE-6C17-90FF531DF755): 1
LogDevObjectVersion:   Private-Geometry (6EACA3D4-40EC-4CC1-B786-8BED09428FC5): 3
LogDevObjectVersion:   Dev-AnimPhys (29E575DD-E0A3-4627-9D10-D276232CDCEA): 17
LogDevObjectVersion:   Dev-Anim (AF43A65D-7FD3-4947-9873-3E8ED9C1BB05): 2
LogDevObjectVersion:   Dev-ReflectionCapture (6B266CEC-1EC7-4B8F-A30B-E4D90942FC07): 1
LogDevObjectVersion:   Dev-Automation (0DF73D61-A23F-47EA-B727-89E90C41499A): 1
LogDevObjectVersion:   FortniteMain (601D1886-AC64-4F84-AA16-D3DE0DEAC7D6): 25
LogDevObjectVersion:   Dev-Enterprise (9DFFBCD6-494F-0158-E221-12823C92A888): 6
LogDevObjectVersion:   Dev-Niagara (F2AED0AC-9AFE-416F-8664-AA7FFA26D6FC): 1
LogDevObjectVersion:   Dev-Destruction (174F1F0B-B4C6-45A5-B13F-2EE8D0FB917D): 2
LogInit: Presizing for max 16777216 objects, including 0 objects not considered by GC, pre-allocating 0 bytes for permanent pool.
LogInit: Object subsystem initialized
LogConfig: Setting CVar [[con.DebugEarlyDefault:1]]
LogConfig: Setting CVar [[r.setres:1280x720]]
[2019.04.28-11.45.19:149][  0]LogConfig: Setting CVar [[r.VSync:0]]
[2019.04.28-11.45.19:149][  0]LogConfig: Setting CVar [[r.RHICmdBypass:0]]
[2019.04.28-11.45.19:149][  0]LogConfig: Applying CVar settings from Section [/Script/Engine.RendererSettings] File [E:/PyroReleases/PyroReleases/FuseImportTut/Saved/Config/Windows/Engine.ini]
[2019.04.28-11.45.19:149][  0]LogConfig: Setting CVar [[r.GPUCrashDebugging:0]]
[2019.04.28-11.45.19:149][  0]LogConfig: Applying CVar settings from Section [/Script/Engine.RendererOverrideSettings] File [E:/PyroReleases/PyroReleases/FuseImportTut/Saved/Config/Windows/Engine.ini]
[2019.04.28-11.45.19:149][  0]LogConfig: Applying CVar settings from Section [/Script/Engine.StreamingSettings] File [E:/PyroReleases/PyroReleases/FuseImportTut/Saved/Config/Windows/Engine.ini]
[2019.04.28-11.45.19:149][  0]LogConfig: Setting CVar [[s.MinBulkDataSizeForAsyncLoading:131072]]
[2019.04.28-11.45.19:149][  0]LogConfig: Setting CVar [[s.AsyncLoadingThreadEnabled:0]]
[2019.04.28-11.45.19:149][  0]LogConfig: Setting CVar [[s.EventDrivenLoaderEnabled:1]]
[2019.04.28-11.45.19:149][  0]LogConfig: Setting CVar [[s.WarnIfTimeLimitExceeded:0]]
[2019.04.28-11.45.19:149][  0]LogConfig: Setting CVar [[s.TimeLimitExceededMultiplier:1.5]]
[2019.04.28-11.45.19:149][  0]LogConfig: Setting CVar [[s.TimeLimitExceededMinTime:0.005]]
[2019.04.28-11.45.19:149][  0]LogConfig: Setting CVar [[s.UseBackgroundLevelStreaming:1]]
[2019.04.28-11.45.19:149][  0]LogConfig: Setting CVar [[s.PriorityAsyncLoadingExtraTime:15.0]]
[2019.04.28-11.45.19:149][  0]LogConfig: Setting CVar [[s.LevelStreamingActorsUpdateTimeLimit:5.0]]
[2019.04.28-11.45.19:149][  0]LogConfig: Setting CVar [[s.PriorityLevelStreamingActorsUpdateExtraTime:5.0]]
[2019.04.28-11.45.19:149][  0]LogConfig: Setting CVar [[s.LevelStreamingComponentsRegistrationGranularity:10]]
[2019.04.28-11.45.19:149][  0]LogConfig: Setting CVar [[s.UnregisterComponentsTimeLimit:1.0]]
[2019.04.28-11.45.19:149][  0]LogConfig: Setting CVar [[s.LevelStreamingComponentsUnregistrationGranularity:5]]
[2019.04.28-11.45.19:149][  0]LogConfig: Applying CVar settings from Section [/Script/Engine.GarbageCollectionSettings] File [E:/PyroReleases/PyroReleases/FuseImportTut/Saved/Config/Windows/Engine.ini]
[2019.04.28-11.45.19:149][  0]LogConfig: Setting CVar [[gc.MaxObjectsNotConsideredByGC:1]]
[2019.04.28-11.45.19:149][  0]LogConfig: Setting CVar [[gc.SizeOfPermanentObjectPool:0]]
[2019.04.28-11.45.19:149][  0]LogConfig: Setting CVar [[gc.FlushStreamingOnGC:0]]
[2019.04.28-11.45.19:149][  0]LogConfig: Setting CVar [[gc.NumRetriesBeforeForcingGC:10]]
[2019.04.28-11.45.19:149][  0]LogConfig: Setting CVar [[gc.AllowParallelGC:1]]
[2019.04.28-11.45.19:149][  0]LogConfig: Setting CVar [[gc.TimeBetweenPurgingPendingKillObjects:61.1]]
[2019.04.28-11.45.19:149][  0]LogConfig: Setting CVar [[gc.MaxObjectsInEditor:16777216]]
[2019.04.28-11.45.19:149][  0]LogConfig: Setting CVar [[gc.IncrementalBeginDestroyEnabled:1]]
[2019.04.28-11.45.19:149][  0]LogConfig: Setting CVar [[gc.CreateGCClusters:1]]
[2019.04.28-11.45.19:149][  0]LogConfig: Setting CVar [[gc.MinGCClusterSize:5]]
[2019.04.28-11.45.19:149][  0]LogConfig: Setting CVar [[gc.ActorClusteringEnabled:0]]
[2019.04.28-11.45.19:149][  0]LogConfig: Setting CVar [[gc.BlueprintClusteringEnabled:0]]
[2019.04.28-11.45.19:149][  0]LogConfig: Setting CVar [[gc.UseDisregardForGCOnDedicatedServers:0]]
[2019.04.28-11.45.19:149][  0]LogConfig: Applying CVar settings from Section [/Script/Engine.NetworkSettings] File [E:/PyroReleases/PyroReleases/FuseImportTut/Saved/Config/Windows/Engine.ini]
[2019.04.28-11.45.19:149][  0]LogConfig: Applying CVar settings from Section [/Script/UnrealEd.CookerSettings] File [E:/PyroReleases/PyroReleases/FuseImportTut/Saved/Config/Windows/Engine.ini]
[2019.04.28-11.45.19:156][  0]LogConfig: Applying CVar settings from Section [ViewDistanceQuality@3] File [E:/PyroReleases/PyroReleases/FuseImportTut/Saved/Config/Windows/Scalability.ini]
[2019.04.28-11.45.19:156][  0]LogConfig: Setting CVar [[r.SkeletalMeshLODBias:0]]
[2019.04.28-11.45.19:156][  0]LogConfig: Setting CVar [[r.ViewDistanceScale:1.0]]
[2019.04.28-11.45.19:156][  0]LogConfig: Applying CVar settings from Section [AntiAliasingQuality@3] File [E:/PyroReleases/PyroReleases/FuseImportTut/Saved/Config/Windows/Scalability.ini]
[2019.04.28-11.45.19:156][  0]LogConfig: Setting CVar [[r.PostProcessAAQuality:4]]
[2019.04.28-11.45.19:156][  0]LogConfig: Applying CVar settings from Section [ShadowQuality@3] File [E:/PyroReleases/PyroReleases/FuseImportTut/Saved/Config/Windows/Scalability.ini]
[2019.04.28-11.45.19:156][  0]LogConfig: Setting CVar [[r.LightFunctionQuality:1]]
[2019.04.28-11.45.19:156][  0]LogConfig: Setting CVar [[r.ShadowQuality:5]]
[2019.04.28-11.45.19:156][  0]LogConfig: Setting CVar [[r.Shadow.CSM.MaxCascades:10]]
[2019.04.28-11.45.19:156][  0]LogConfig: Setting CVar [[r.Shadow.MaxResolution:2048]]
[2019.04.28-11.45.19:156][  0]LogConfig: Setting CVar [[r.Shadow.MaxCSMResolution:2048]]
[2019.04.28-11.45.19:156][  0]LogConfig: Setting CVar [[r.Shadow.RadiusThreshold:0.01]]
[2019.04.28-11.45.19:156][  0]LogConfig: Setting CVar [[r.Shadow.DistanceScale:1.0]]
[2019.04.28-11.45.19:156][  0]LogConfig: Setting CVar [[r.Shadow.CSM.TransitionScale:1.0]]
[2019.04.28-11.45.19:156][  0]LogConfig: Setting CVar [[r.Shadow.PreShadowResolutionFactor:1.0]]
[2019.04.28-11.45.19:156][  0]LogConfig: Setting CVar [[r.DistanceFieldShadowing:1]]
[2019.04.28-11.45.19:156][  0]LogConfig: Setting CVar [[r.DistanceFieldAO:1]]
[2019.04.28-11.45.19:156][  0]LogConfig: Setting CVar [[r.AOQuality:2]]
[2019.04.28-11.45.19:156][  0]LogConfig: Setting CVar [[r.VolumetricFog:1]]
[2019.04.28-11.45.19:156][  0]LogConfig: Setting CVar [[r.VolumetricFog.GridPixelSize:8]]
[2019.04.28-11.45.19:156][  0]LogConfig: Setting CVar [[r.VolumetricFog.GridSizeZ:128]]
[2019.04.28-11.45.19:157][  0]LogConfig: Setting CVar [[r.VolumetricFog.HistoryMissSupersampleCount:4]]
[2019.04.28-11.45.19:157][  0]LogConfig: Setting CVar [[r.LightMaxDrawDistanceScale:1]]
[2019.04.28-11.45.19:157][  0]LogConfig: Setting CVar [[r.CapsuleShadows:1]]
[2019.04.28-11.45.19:157][  0]LogConfig: Applying CVar settings from Section [PostProcessQuality@3] File [E:/PyroReleases/PyroReleases/FuseImportTut/Saved/Config/Windows/Scalability.ini]
[2019.04.28-11.45.19:157][  0]LogConfig: Setting CVar [[r.MotionBlurQuality:4]]
[2019.04.28-11.45.19:157][  0]LogConfig: Setting CVar [[r.AmbientOcclusionMipLevelFactor:0.4]]
[2019.04.28-11.45.19:157][  0]LogConfig: Setting CVar [[r.AmbientOcclusionMaxQuality:100]]
[2019.04.28-11.45.19:157][  0]LogConfig: Setting CVar [[r.AmbientOcclusionLevels:-1]]
[2019.04.28-11.45.19:157][  0]LogConfig: Setting CVar [[r.AmbientOcclusionRadiusScale:1.0]]
[2019.04.28-11.45.19:157][  0]LogConfig: Setting CVar [[r.DepthOfFieldQuality:2]]
[2019.04.28-11.45.19:157][  0]LogConfig: Setting CVar [[r.RenderTargetPoolMin:400]]
[2019.04.28-11.45.19:157][  0]LogConfig: Setting CVar [[r.LensFlareQuality:2]]
[2019.04.28-11.45.19:157][  0]LogConfig: Setting CVar [[r.SceneColorFringeQuality:1]]
[2019.04.28-11.45.19:157][  0]LogConfig: Setting CVar [[r.EyeAdaptationQuality:2]]
[2019.04.28-11.45.19:157][  0]LogConfig: Setting CVar [[r.BloomQuality:5]]
[2019.04.28-11.45.19:157][  0]LogConfig: Setting CVar [[r.FastBlurThreshold:100]]
[2019.04.28-11.45.19:157][  0]LogConfig: Setting CVar [[r.Upscale.Quality:3]]
[2019.04.28-11.45.19:157][  0]LogConfig: Setting CVar [[r.Tonemapper.GrainQuantization:1]]
[2019.04.28-11.45.19:157][  0]LogConfig: Setting CVar [[r.LightShaftQuality:1]]
[2019.04.28-11.45.19:157][  0]LogConfig: Setting CVar [[r.Filter.SizeScale:1]]
[2019.04.28-11.45.19:157][  0]LogConfig: Setting CVar [[r.Tonemapper.Quality:5]]
[2019.04.28-11.45.19:157][  0]LogConfig: Setting CVar [[r.DOF.Gather.AccumulatorQuality:1        ; higher gathering accumulator quality]]
[2019.04.28-11.45.19:157][  0]LogConfig: Setting CVar [[r.DOF.Gather.PostfilterMethod:1          ; Median3x3 postfilering method]]
[2019.04.28-11.45.19:157][  0]LogConfig: Setting CVar [[r.DOF.Gather.EnableBokehSettings:0       ; no bokeh simulation when gathering]]
[2019.04.28-11.45.19:157][  0]LogConfig: Setting CVar [[r.DOF.Gather.RingCount:4                 ; medium number of samples when gathering]]
[2019.04.28-11.45.19:157][  0]LogConfig: Setting CVar [[r.DOF.Scatter.ForegroundCompositing:1    ; additive foreground scattering]]
[2019.04.28-11.45.19:157][  0]LogConfig: Setting CVar [[r.DOF.Scatter.BackgroundCompositing:2    ; additive background scattering]]
[2019.04.28-11.45.19:157][  0]LogConfig: Setting CVar [[r.DOF.Scatter.EnableBokehSettings:1      ; bokeh simulation when scattering]]
[2019.04.28-11.45.19:157][  0]LogConfig: Setting CVar [[r.DOF.Scatter.MaxSpriteRatio:0.1         ; only a maximum of 10% of scattered bokeh]]
[2019.04.28-11.45.19:157][  0]LogConfig: Setting CVar [[r.DOF.Recombine.Quality:1                ; cheap slight out of focus]]
[2019.04.28-11.45.19:157][  0]LogConfig: Setting CVar [[r.DOF.Recombine.EnableBokehSettings:0    ; no bokeh simulation on slight out of focus]]
[2019.04.28-11.45.19:157][  0]LogConfig: Setting CVar [[r.DOF.TemporalAAQuality:1                ; more stable temporal accumulation]]
[2019.04.28-11.45.19:157][  0]LogConfig: Setting CVar [[r.DOF.Kernel.MaxForegroundRadius:0.025]]
[2019.04.28-11.45.19:157][  0]LogConfig: Setting CVar [[r.DOF.Kernel.MaxBackgroundRadius:0.025]]
[2019.04.28-11.45.19:157][  0]LogConfig: Applying CVar settings from Section [TextureQuality@3] File [E:/PyroReleases/PyroReleases/FuseImportTut/Saved/Config/Windows/Scalability.ini]
[2019.04.28-11.45.19:157][  0]LogConfig: Setting CVar [[r.Streaming.MipBias:0]]
[2019.04.28-11.45.19:157][  0]LogConfig: Setting CVar [[r.Streaming.AmortizeCPUToGPUCopy:0]]
[2019.04.28-11.45.19:157][  0]LogConfig: Setting CVar [[r.Streaming.MaxNumTexturesToStreamPerFrame:0]]
[2019.04.28-11.45.19:157][  0]LogConfig: Setting CVar [[r.Streaming.Boost:1]]
[2019.04.28-11.45.19:157][  0]LogConfig: Setting CVar [[r.MaxAnisotropy:8]]
[2019.04.28-11.45.19:157][  0]LogConfig: Setting CVar [[r.Streaming.LimitPoolSizeToVRAM:0]]
[2019.04.28-11.45.19:157][  0]LogConfig: Setting CVar [[r.Streaming.PoolSize:1000]]
[2019.04.28-11.45.19:157][  0]LogConfig: Setting CVar [[r.Streaming.MaxEffectiveScreenSize:0]]
[2019.04.28-11.45.19:157][  0]LogConfig: Applying CVar settings from Section [EffectsQuality@3] File [E:/PyroReleases/PyroReleases/FuseImportTut/Saved/Config/Windows/Scalability.ini]
[2019.04.28-11.45.19:157][  0]LogConfig: Setting CVar [[r.TranslucencyLightingVolumeDim:64]]
[2019.04.28-11.45.19:157][  0]LogConfig: Setting CVar [[r.RefractionQuality:2]]
[2019.04.28-11.45.19:157][  0]LogConfig: Setting CVar [[r.SSR.Quality:3]]
[2019.04.28-11.45.19:157][  0]LogConfig: Setting CVar [[r.SceneColorFormat:4]]
[2019.04.28-11.45.19:157][  0]LogConfig: Setting CVar [[r.DetailMode:2]]
[2019.04.28-11.45.19:157][  0]LogConfig: Setting CVar [[r.TranslucencyVolumeBlur:1]]
[2019.04.28-11.45.19:157][  0]LogConfig: Setting CVar [[r.MaterialQualityLevel:1 ; High quality]]
[2019.04.28-11.45.19:157][  0]LogConfig: Setting CVar [[r.SSS.Scale:1]]
[2019.04.28-11.45.19:157][  0]LogConfig: Setting CVar [[r.SSS.SampleSet:2]]
[2019.04.28-11.45.19:157][  0]LogConfig: Setting CVar [[r.SSS.Quality:1]]
[2019.04.28-11.45.19:157][  0]LogConfig: Setting CVar [[r.SSS.HalfRes:1]]
[2019.04.28-11.45.19:157][  0]LogConfig: Setting CVar [[r.EmitterSpawnRateScale:1.0]]
[2019.04.28-11.45.19:157][  0]LogConfig: Setting CVar [[r.ParticleLightQuality:2]]
[2019.04.28-11.45.19:157][  0]LogConfig: Applying CVar settings from Section [FoliageQuality@3] File [E:/PyroReleases/PyroReleases/FuseImportTut/Saved/Config/Windows/Scalability.ini]
[2019.04.28-11.45.19:157][  0]LogConfig: Setting CVar [[foliage.DensityScale:1.0]]
[2019.04.28-11.45.19:157][  0]LogConfig: Setting CVar [[grass.DensityScale:1.0]]
[2019.04.28-11.45.19:158][  0]LogInit: Selected Device Profile: [Windows]
[2019.04.28-11.45.19:158][  0]LogInit: Applying CVar settings loaded from the selected device profile: [Windows]
[2019.04.28-11.45.19:174][  0]LogHAL: Display: Platform has ~ 16 GB [17112010752 / 17179869184 / 16], which maps to Larger [LargestMinGB=32, LargerMinGB=12, DefaultMinGB=8, SmallerMinGB=6, SmallestMinGB=0)
[2019.04.28-11.45.19:174][  0]LogConfig: Setting CVar [[r.Vulkan.UseRealUBs:0		; Required until we fix HLR fall-out]]
[2019.04.28-11.45.19:174][  0]LogInit: Going up to parent DeviceProfile []
[2019.04.28-11.45.19:174][  0]LogConfig: Applying CVar settings from Section [ViewDistanceQuality@Cine] File [E:/PyroReleases/PyroReleases/FuseImportTut/Saved/Config/Windows/Scalability.ini]
[2019.04.28-11.45.19:174][  0]LogConfig: Setting CVar [[r.SkeletalMeshLODBias:0]]
[2019.04.28-11.45.19:174][  0]LogConfig: Setting CVar [[r.ViewDistanceScale:10.0]]
[2019.04.28-11.45.19:174][  0]LogConfig: Applying CVar settings from Section [AntiAliasingQuality@Cine] File [E:/PyroReleases/PyroReleases/FuseImportTut/Saved/Config/Windows/Scalability.ini]
[2019.04.28-11.45.19:174][  0]LogConfig: Setting CVar [[r.PostProcessAAQuality:6]]
[2019.04.28-11.45.19:174][  0]LogConfig: Applying CVar settings from Section [ShadowQuality@Cine] File [E:/PyroReleases/PyroReleases/FuseImportTut/Saved/Config/Windows/Scalability.ini]
[2019.04.28-11.45.19:174][  0]LogConfig: Setting CVar [[r.LightFunctionQuality:1]]
[2019.04.28-11.45.19:174][  0]LogConfig: Setting CVar [[r.ShadowQuality:5]]
[2019.04.28-11.45.19:174][  0]LogConfig: Setting CVar [[r.Shadow.CSM.MaxCascades:10]]
[2019.04.28-11.45.19:174][  0]LogConfig: Setting CVar [[r.Shadow.MaxResolution:4096]]
[2019.04.28-11.45.19:175][  0]LogConfig: Setting CVar [[r.Shadow.MaxCSMResolution:4096]]
[2019.04.28-11.45.19:175][  0]LogConfig: Setting CVar [[r.Shadow.RadiusThreshold:0]]
[2019.04.28-11.45.19:175][  0]LogConfig: Setting CVar [[r.Shadow.DistanceScale:1.0]]
[2019.04.28-11.45.19:175][  0]LogConfig: Setting CVar [[r.Shadow.CSM.TransitionScale:1.0]]
[2019.04.28-11.45.19:175][  0]LogConfig: Setting CVar [[r.Shadow.PreShadowResolutionFactor:1.0]]
[2019.04.28-11.45.19:175][  0]LogConfig: Setting CVar [[r.DistanceFieldShadowing:1]]
[2019.04.28-11.45.19:175][  0]LogConfig: Setting CVar [[r.DistanceFieldAO:1]]
[2019.04.28-11.45.19:175][  0]LogConfig: Setting CVar [[r.AOQuality:2]]
[2019.04.28-11.45.19:175][  0]LogConfig: Setting CVar [[r.VolumetricFog:1]]
[2019.04.28-11.45.19:175][  0]LogConfig: Setting CVar [[r.VolumetricFog.GridPixelSize:4]]
[2019.04.28-11.45.19:175][  0]LogConfig: Setting CVar [[r.VolumetricFog.GridSizeZ:128]]
[2019.04.28-11.45.19:175][  0]LogConfig: Setting CVar [[r.VolumetricFog.HistoryMissSupersampleCount:16]]
[2019.04.28-11.45.19:175][  0]LogConfig: Setting CVar [[r.LightMaxDrawDistanceScale:1]]
[2019.04.28-11.45.19:175][  0]LogConfig: Setting CVar [[r.CapsuleShadows:1]]
[2019.04.28-11.45.19:175][  0]LogConfig: Applying CVar settings from Section [PostProcessQuality@Cine] File [E:/PyroReleases/PyroReleases/FuseImportTut/Saved/Config/Windows/Scalability.ini]
[2019.04.28-11.45.19:175][  0]LogConfig: Setting CVar [[r.MotionBlurQuality:4]]
[2019.04.28-11.45.19:175][  0]LogConfig: Setting CVar [[r.AmbientOcclusionMipLevelFactor:0.4]]
[2019.04.28-11.45.19:175][  0]LogConfig: Setting CVar [[r.AmbientOcclusionMaxQuality:100]]
[2019.04.28-11.45.19:175][  0]LogConfig: Setting CVar [[r.AmbientOcclusionLevels:-1]]
[2019.04.28-11.45.19:175][  0]LogConfig: Setting CVar [[r.AmbientOcclusionRadiusScale:1.0]]
[2019.04.28-11.45.19:175][  0]LogConfig: Setting CVar [[r.DepthOfFieldQuality:4]]
[2019.04.28-11.45.19:175][  0]LogConfig: Setting CVar [[r.RenderTargetPoolMin:1000]]
[2019.04.28-11.45.19:175][  0]LogConfig: Setting CVar [[r.LensFlareQuality:3]]
[2019.04.28-11.45.19:175][  0]LogConfig: Setting CVar [[r.SceneColorFringeQuality:1]]
[2019.04.28-11.45.19:175][  0]LogConfig: Setting CVar [[r.EyeAdaptationQuality:2]]
[2019.04.28-11.45.19:175][  0]LogConfig: Setting CVar [[r.BloomQuality:5]]
[2019.04.28-11.45.19:175][  0]LogConfig: Setting CVar [[r.FastBlurThreshold:100]]
[2019.04.28-11.45.19:175][  0]LogConfig: Setting CVar [[r.Upscale.Quality:3]]
[2019.04.28-11.45.19:175][  0]LogConfig: Setting CVar [[r.Tonemapper.GrainQuantization:1]]
[2019.04.28-11.45.19:175][  0]LogConfig: Setting CVar [[r.LightShaftQuality:1]]
[2019.04.28-11.45.19:175][  0]LogConfig: Setting CVar [[r.Filter.SizeScale:1]]
[2019.04.28-11.45.19:175][  0]LogConfig: Setting CVar [[r.Tonemapper.Quality:5]]
[2019.04.28-11.45.19:175][  0]LogConfig: Setting CVar [[r.DOF.Gather.AccumulatorQuality:1        ; higher gathering accumulator quality]]
[2019.04.28-11.45.19:175][  0]LogConfig: Setting CVar [[r.DOF.Gather.PostfilterMethod:1          ; Median3x3 postfilering method]]
[2019.04.28-11.45.19:175][  0]LogConfig: Setting CVar [[r.DOF.Gather.EnableBokehSettings:1       ; bokeh simulation when gathering]]
[2019.04.28-11.45.19:175][  0]LogConfig: Setting CVar [[r.DOF.Gather.RingCount:5                 ; high number of samples when gathering]]
[2019.04.28-11.45.19:175][  0]LogConfig: Setting CVar [[r.DOF.Scatter.ForegroundCompositing:1    ; additive foreground scattering]]
[2019.04.28-11.45.19:175][  0]LogConfig: Setting CVar [[r.DOF.Scatter.BackgroundCompositing:2    ; background scattering occlusion]]
[2019.04.28-11.45.19:175][  0]LogConfig: Setting CVar [[r.DOF.Scatter.EnableBokehSettings:1      ; no bokeh simulation when scattering]]
[2019.04.28-11.45.19:175][  0]LogConfig: Setting CVar [[r.DOF.Scatter.MaxSpriteRatio:0.1         ; only a maximum of 10% of scattered bokeh]]
[2019.04.28-11.45.19:175][  0]LogConfig: Setting CVar [[r.DOF.Recombine.Quality:2                ; highest slight out of focus]]
[2019.04.28-11.45.19:175][  0]LogConfig: Setting CVar [[r.DOF.Recombine.EnableBokehSettings:1    ; bokeh simulation on slight out of focus]]
[2019.04.28-11.45.19:175][  0]LogConfig: Setting CVar [[r.DOF.TemporalAAQuality:1                ; more stable temporal accumulation]]
[2019.04.28-11.45.19:175][  0]LogConfig: Setting CVar [[r.DOF.Kernel.MaxForegroundRadius:0.025]]
[2019.04.28-11.45.19:175][  0]LogConfig: Setting CVar [[r.DOF.Kernel.MaxBackgroundRadius:0.025]]
[2019.04.28-11.45.19:175][  0]LogConfig: Applying CVar settings from Section [TextureQuality@Cine] File [E:/PyroReleases/PyroReleases/FuseImportTut/Saved/Config/Windows/Scalability.ini]
[2019.04.28-11.45.19:175][  0]LogConfig: Setting CVar [[r.Streaming.MipBias:0]]
[2019.04.28-11.45.19:175][  0]LogConfig: Setting CVar [[r.Streaming.AmortizeCPUToGPUCopy:0]]
[2019.04.28-11.45.19:175][  0]LogConfig: Setting CVar [[r.Streaming.MaxNumTexturesToStreamPerFrame:0]]
[2019.04.28-11.45.19:175][  0]LogConfig: Setting CVar [[r.Streaming.Boost:1]]
[2019.04.28-11.45.19:175][  0]LogConfig: Setting CVar [[r.MaxAnisotropy:8]]
[2019.04.28-11.45.19:175][  0]LogConfig: Setting CVar [[r.Streaming.LimitPoolSizeToVRAM:0]]
[2019.04.28-11.45.19:175][  0]LogConfig: Setting CVar [[r.Streaming.PoolSize:3000]]
[2019.04.28-11.45.19:175][  0]LogConfig: Setting CVar [[r.Streaming.MaxEffectiveScreenSize:0]]
[2019.04.28-11.45.19:175][  0]LogConfig: Applying CVar settings from Section [EffectsQuality@Cine] File [E:/PyroReleases/PyroReleases/FuseImportTut/Saved/Config/Windows/Scalability.ini]
[2019.04.28-11.45.19:175][  0]LogConfig: Setting CVar [[r.TranslucencyLightingVolumeDim:64]]
[2019.04.28-11.45.19:175][  0]LogConfig: Setting CVar [[r.RefractionQuality:2]]
[2019.04.28-11.45.19:175][  0]LogConfig: Setting CVar [[r.SSR.Quality:4]]
[2019.04.28-11.45.19:175][  0]LogConfig: Setting CVar [[r.SceneColorFormat:4]]
[2019.04.28-11.45.19:175][  0]LogConfig: Setting CVar [[r.DetailMode:2]]
[2019.04.28-11.45.19:175][  0]LogConfig: Setting CVar [[r.TranslucencyVolumeBlur:1]]
[2019.04.28-11.45.19:175][  0]LogConfig: Setting CVar [[r.MaterialQualityLevel:1 ; High quality]]
[2019.04.28-11.45.19:175][  0]LogConfig: Setting CVar [[r.SSS.Scale:1]]
[2019.04.28-11.45.19:175][  0]LogConfig: Setting CVar [[r.SSS.SampleSet:2]]
[2019.04.28-11.45.19:175][  0]LogConfig: Setting CVar [[r.SSS.Quality:1]]
[2019.04.28-11.45.19:175][  0]LogConfig: Setting CVar [[r.SSS.HalfRes:0]]
[2019.04.28-11.45.19:175][  0]LogConfig: Setting CVar [[r.EmitterSpawnRateScale:1.0]]
[2019.04.28-11.45.19:175][  0]LogConfig: Setting CVar [[r.ParticleLightQuality:2]]
[2019.04.28-11.45.19:175][  0]LogConfig: Applying CVar settings from Section [FoliageQuality@Cine] File [E:/PyroReleases/PyroReleases/FuseImportTut/Saved/Config/Windows/Scalability.ini]
[2019.04.28-11.45.19:175][  0]LogConfig: Setting CVar [[foliage.DensityScale:1.0]]
[2019.04.28-11.45.19:175][  0]LogConfig: Setting CVar [[grass.DensityScale:1.0]]
[2019.04.28-11.45.19:175][  0]LogConfig: Applying CVar settings from Section [Startup] File [../../../Engine/Config/ConsoleVariables.ini]
[2019.04.28-11.45.19:179][  0]LogConfig: Setting CVar [[net.UseAdaptiveNetUpdateFrequency:0]]
[2019.04.28-11.45.19:179][  0]LogConfig: Setting CVar [[p.chaos.AllowCreatePhysxBodies:1]]
[2019.04.28-11.45.19:179][  0]LogConfig: Applying CVar settings from Section [ConsoleVariables] File [E:/PyroReleases/PyroReleases/FuseImportTut/Saved/Config/Windows/Engine.ini]
[2019.04.28-11.45.19:180][  0]LogInit: Computer: DESKTOP-O4N3PBK
[2019.04.28-11.45.19:180][  0]LogInit: User: Maik
[2019.04.28-11.45.19:180][  0]LogInit: CPU Page size=4096, Cores=6
[2019.04.28-11.45.19:180][  0]LogInit: High frequency timer resolution =3.609381 MHz
[2019.04.28-11.45.19:180][  0]LogMemory: Memory total: Physical=15.9GB (16GB approx)
[2019.04.28-11.45.19:181][  0]LogMemory: Platform Memory Stats for Windows
[2019.04.28-11.45.19:181][  0]LogMemory: Process Physical Memory: 96.86 MB used, 96.86 MB peak
[2019.04.28-11.45.19:181][  0]LogMemory: Process Virtual Memory: 89.83 MB used, 89.83 MB peak
[2019.04.28-11.45.19:181][  0]LogMemory: Physical Memory: 7946.66 MB used,  8372.63 MB free, 16319.29 MB total
[2019.04.28-11.45.19:181][  0]LogMemory: Virtual Memory: 4671.37 MB used,  134213056.00 MB free, 134217728.00 MB total
[2019.04.28-11.45.19:346][  0]LogInit: Using OS detected language (de-DE).
[2019.04.28-11.45.19:346][  0]LogInit: Using OS detected locale (de-DE).
[2019.04.28-11.45.19:347][  0]LogTextLocalizationManager: No specific localization for 'de-DE' exists, so the 'de' localization will be used.
[2019.04.28-11.45.19:348][  0]LogTextLocalizationResource: LocRes '../../../Engine/Content/Localization/Editor/de/Editor.locres' could not be opened for reading!
[2019.04.28-11.45.19:348][  0]LogTextLocalizationResource: LocRes '../../../Engine/Content/Localization/EditorTutorials/de/EditorTutorials.locres' could not be opened for reading!
[2019.04.28-11.45.19:348][  0]LogTextLocalizationResource: LocRes '../../../Engine/Content/Localization/Keywords/de/Keywords.locres' could not be opened for reading!
[2019.04.28-11.45.19:348][  0]LogTextLocalizationResource: LocRes '../../../Engine/Content/Localization/Category/de/Category.locres' could not be opened for reading!
[2019.04.28-11.45.19:349][  0]LogTextLocalizationResource: LocRes '../../../Engine/Content/Localization/ToolTips/de/ToolTips.locres' could not be opened for reading!
[2019.04.28-11.45.19:349][  0]LogTextLocalizationResource: LocRes '../../../Engine/Content/Localization/PropertyNames/de/PropertyNames.locres' could not be opened for reading!
[2019.04.28-11.45.19:349][  0]LogTextLocalizationResource: LocRes '../../../Engine/Content/Localization/Engine/de/Engine.locres' could not be opened for reading!
[2019.04.28-11.45.19:366][  0]LogInit: Setting process to per monitor DPI aware
[2019.04.28-11.45.19:419][  0]LogSlate: New Slate User Created.  User Index 0, Is Virtual User: 0
[2019.04.28-11.45.19:420][  0]LogSlate: Slate User Registered.  User Index 0, Is Virtual User: 0
[2019.04.28-11.45.20:857][  0]LogHMD: Failed to initialize OpenVR with code 110
[2019.04.28-11.45.20:857][  0]LogD3D11RHI: D3D11 adapters:
[2019.04.28-11.45.20:906][  0]LogD3D11RHI:    0. 'NVIDIA GeForce GTX 1060 6GB' (Feature Level 11_0)
[2019.04.28-11.45.20:906][  0]LogD3D11RHI:       6052/0/8159 MB DedicatedVideo/DedicatedSystem/SharedSystem, Outputs:2, VendorId:0x10de
[2019.04.28-11.45.20:907][  0]LogD3D11RHI:    1. 'Microsoft Basic Render Driver' (Feature Level 11_0)
[2019.04.28-11.45.20:907][  0]LogD3D11RHI:       0/0/8159 MB DedicatedVideo/DedicatedSystem/SharedSystem, Outputs:0, VendorId:0x1414
[2019.04.28-11.45.20:907][  0]LogD3D11RHI: Chosen D3D11 Adapter: 0
[2019.04.28-11.45.20:916][  0]LogD3D11RHI: Creating new Direct3DDevice
[2019.04.28-11.45.20:916][  0]LogD3D11RHI:     GPU DeviceId: 0x1c03 (for the marketing name, search the web for "GPU Device Id")
[2019.04.28-11.45.20:916][  0]LogWindows: EnumDisplayDevices:
[2019.04.28-11.45.20:916][  0]LogWindows:    0. 'NVIDIA GeForce GTX 1060 6GB' (P:1 D:1)
[2019.04.28-11.45.20:917][  0]LogWindows:    1. 'NVIDIA GeForce GTX 1060 6GB' (P:0 D:1)
[2019.04.28-11.45.20:917][  0]LogWindows:    2. 'NVIDIA GeForce GTX 1060 6GB' (P:0 D:0)
[2019.04.28-11.45.20:917][  0]LogWindows:    3. 'NVIDIA GeForce GTX 1060 6GB' (P:0 D:0)
[2019.04.28-11.45.20:917][  0]LogWindows: DebugString: FoundDriverCount:4 
[2019.04.28-11.45.20:917][  0]LogD3D11RHI:     Adapter Name: NVIDIA GeForce GTX 1060 6GB
[2019.04.28-11.45.20:917][  0]LogD3D11RHI:   Driver Version: 419.67 (internal:25.21.14.1967, unified:419.67)
[2019.04.28-11.45.20:917][  0]LogD3D11RHI:      Driver Date: 3-17-2019
[2019.04.28-11.45.20:917][  0]LogRHI: Texture pool is 4236 MB (70% of 6052 MB)
[2019.04.28-11.45.20:949][  0]LogD3D11RHI: Async texture creation enabled
[2019.04.28-11.45.20:956][  0]LogRendererCore: FGlobalReadBuffer::InitRHI
[2019.04.28-11.45.20:956][  0]LogRendererCore: FGlobalReadBuffer::InitRHI
[2019.04.28-11.45.20:957][  0]LogRendererCore: FGlobalReadBuffer::InitRHI
[2019.04.28-11.45.20:965][  0]LogD3D11RHI: GPU Timing Frequency: 1000.000000 (Debug: 2 1)
[2019.04.28-11.45.21:349][  0]LogTemp: Display: Module 'AllDesktopTargetPlatform' loaded TargetPlatform 'AllDesktop'
[2019.04.28-11.45.21:360][  0]LogTemp: Display: Module 'MacClientTargetPlatform' loaded TargetPlatform 'MacClient'
[2019.04.28-11.45.21:371][  0]LogTemp: Display: Module 'MacNoEditorTargetPlatform' loaded TargetPlatform 'MacNoEditor'
[2019.04.28-11.45.21:382][  0]LogTemp: Display: Module 'MacServerTargetPlatform' loaded TargetPlatform 'MacServer'
[2019.04.28-11.45.21:398][  0]LogTemp: Display: Module 'MacTargetPlatform' loaded TargetPlatform 'Mac'
[2019.04.28-11.45.21:410][  0]LogTemp: Display: Module 'WindowsClientTargetPlatform' loaded TargetPlatform 'WindowsClient'
[2019.04.28-11.45.21:422][  0]LogTemp: Display: Module 'WindowsNoEditorTargetPlatform' loaded TargetPlatform 'WindowsNoEditor'
[2019.04.28-11.45.21:433][  0]LogTemp: Display: Module 'WindowsServerTargetPlatform' loaded TargetPlatform 'WindowsServer'
[2019.04.28-11.45.21:440][  0]LogTemp: Display: Module 'WindowsTargetPlatform' loaded TargetPlatform 'Windows'
[2019.04.28-11.45.21:506][  0]LogTemp: Display: Module 'AndroidTargetPlatform' loaded TargetPlatform 'Android'
[2019.04.28-11.45.21:506][  0]LogTemp: Display: Module 'AndroidTargetPlatform' loaded TargetPlatform 'Android_ASTC'
[2019.04.28-11.45.21:506][  0]LogTemp: Display: Module 'AndroidTargetPlatform' loaded TargetPlatform 'Android_ATC'
[2019.04.28-11.45.21:506][  0]LogTemp: Display: Module 'AndroidTargetPlatform' loaded TargetPlatform 'Android_DXT'
[2019.04.28-11.45.21:506][  0]LogTemp: Display: Module 'AndroidTargetPlatform' loaded TargetPlatform 'Android_ETC1'
[2019.04.28-11.45.21:506][  0]LogTemp: Display: Module 'AndroidTargetPlatform' loaded TargetPlatform 'Android_ETC1a'
[2019.04.28-11.45.21:506][  0]LogTemp: Display: Module 'AndroidTargetPlatform' loaded TargetPlatform 'Android_ETC2'
[2019.04.28-11.45.21:506][  0]LogTemp: Display: Module 'AndroidTargetPlatform' loaded TargetPlatform 'Android_PVRTC'
[2019.04.28-11.45.21:506][  0]LogTemp: Display: Module 'AndroidTargetPlatform' loaded TargetPlatform 'AndroidClient'
[2019.04.28-11.45.21:506][  0]LogTemp: Display: Module 'AndroidTargetPlatform' loaded TargetPlatform 'Android_ASTCClient'
[2019.04.28-11.45.21:506][  0]LogTemp: Display: Module 'AndroidTargetPlatform' loaded TargetPlatform 'Android_ATCClient'
[2019.04.28-11.45.21:506][  0]LogTemp: Display: Module 'AndroidTargetPlatform' loaded TargetPlatform 'Android_DXTClient'
[2019.04.28-11.45.21:506][  0]LogTemp: Display: Module 'AndroidTargetPlatform' loaded TargetPlatform 'Android_ETC1Client'
[2019.04.28-11.45.21:506][  0]LogTemp: Display: Module 'AndroidTargetPlatform' loaded TargetPlatform 'Android_ETC1aClient'
[2019.04.28-11.45.21:506][  0]LogTemp: Display: Module 'AndroidTargetPlatform' loaded TargetPlatform 'Android_ETC2Client'
[2019.04.28-11.45.21:506][  0]LogTemp: Display: Module 'AndroidTargetPlatform' loaded TargetPlatform 'Android_PVRTCClient'
[2019.04.28-11.45.21:506][  0]LogTemp: Display: Module 'AndroidTargetPlatform' loaded TargetPlatform 'Android_Multi'
[2019.04.28-11.45.21:506][  0]LogTemp: Display: Module 'AndroidTargetPlatform' loaded TargetPlatform 'Android_MultiClient'
[2019.04.28-11.45.21:509][  0]LogTemp: Display: Module 'HTML5TargetPlatform' loaded TargetPlatform 'HTML5'
[2019.04.28-11.45.21:562][  0]LogTemp: Display: Module 'IOSTargetPlatform' loaded TargetPlatform 'IOSClient'
[2019.04.28-11.45.21:562][  0]LogTemp: Display: Module 'IOSTargetPlatform' loaded TargetPlatform 'IOS'
[2019.04.28-11.45.21:580][  0]LogTemp: Display: Module 'TVOSTargetPlatform' loaded TargetPlatform 'TVOSClient'
[2019.04.28-11.45.21:580][  0]LogTemp: Display: Module 'TVOSTargetPlatform' loaded TargetPlatform 'TVOS'
[2019.04.28-11.45.21:591][  0]LogTemp: Display: Module 'LinuxClientTargetPlatform' loaded TargetPlatform 'LinuxClient'
[2019.04.28-11.45.21:602][  0]LogTemp: Display: Module 'LinuxNoEditorTargetPlatform' loaded TargetPlatform 'LinuxNoEditor'
[2019.04.28-11.45.21:613][  0]LogTemp: Display: Module 'LinuxServerTargetPlatform' loaded TargetPlatform 'LinuxServer'
[2019.04.28-11.45.21:630][  0]LogTemp: Display: Module 'LinuxTargetPlatform' loaded TargetPlatform 'Linux'
[2019.04.28-11.45.21:668][  0]LogTemp: Display: Module 'LuminTargetPlatform' loaded TargetPlatform 'Lumin'
[2019.04.28-11.45.21:668][  0]LogTemp: Display: Module 'LuminTargetPlatform' loaded TargetPlatform 'LuminClient'
[2019.04.28-11.45.21:668][  0]LogTargetPlatformManager: Display: Building Assets For Windows
[2019.04.28-11.45.21:699][  0]LogAudioDebug: Display: Lib vorbis DLL was dynamically loaded.
[2019.04.28-11.45.21:789][  0]LogShaderCompilers: Guid format shader working directory is 2 characters bigger than the processId version (E:/PyroReleases/PyroReleases/FuseImportTut/Intermediate/Shaders/WorkingDirectory/19708/).
[2019.04.28-11.45.21:789][  0]LogShaderCompilers: Cleaned the shader compiler working directory 'C:/Users/Maik/AppData/Local/Temp/UnrealShaderWorkingDir/7B0832F64207057D9074F892A984403F/'.
[2019.04.28-11.45.21:792][  0]LogXGEController: Cleaning working directory: C:/Users/Maik/AppData/Local/Temp/UnrealXGEWorkingDir/
[2019.04.28-11.45.21:792][  0]LogXGEController: Cannot use XGE Controller as Incredibuild is not installed on this machine.
[2019.04.28-11.45.21:792][  0]LogShaderCompilers: Cannot use XGE Shader Compiler as Incredibuild is not installed on this machine.
[2019.04.28-11.45.21:792][  0]LogShaderCompilers: Display: Using Local Shader Compiler.
[2019.04.28-11.45.23:246][  0]LogDerivedDataCache: Display: Max Cache Size: 512 MB
[2019.04.28-11.45.23:425][  0]LogDerivedDataCache: Loaded boot cache 0.18s 71MB C:/Users/Maik/AppData/Local/UnrealEngine/4.22/DerivedDataCache/Boot.ddc.
[2019.04.28-11.45.23:425][  0]LogDerivedDataCache: Display: Loaded Boot cache: C:/Users/Maik/AppData/Local/UnrealEngine/4.22/DerivedDataCache/Boot.ddc
[2019.04.28-11.45.23:425][  0]LogDerivedDataCache: FDerivedDataBackendGraph:  Pak pak cache file E:/PyroReleases/PyroReleases/FuseImportTut/DerivedDataCache/DDC.ddp not found, will not use a pak cache.
[2019.04.28-11.45.23:425][  0]LogDerivedDataCache: Unable to find inner node Pak for hierarchical cache Hierarchy.
[2019.04.28-11.45.23:425][  0]LogDerivedDataCache: FDerivedDataBackendGraph:  CompressedPak pak cache file E:/PyroReleases/PyroReleases/FuseImportTut/DerivedDataCache/Compressed.ddp not found, will not use a pak cache.
[2019.04.28-11.45.23:425][  0]LogDerivedDataCache: Unable to find inner node CompressedPak for hierarchical cache Hierarchy.
[2019.04.28-11.45.23:442][  0]LogDerivedDataCache: Display: Pak cache opened for reading ../../../Engine/DerivedDataCache/Compressed.ddp.
[2019.04.28-11.45.23:442][  0]LogDerivedDataCache: FDerivedDataBackendGraph:  EnterprisePak pak cache file ../../../Enterprise/DerivedDataCache/Compressed.ddp not found, will not use a pak cache.
[2019.04.28-11.45.23:442][  0]LogDerivedDataCache: Unable to find inner node EnterprisePak for hierarchical cache Hierarchy.
[2019.04.28-11.45.23:455][  0]LogDerivedDataCache: Using Local data cache path C:/Users/Maik/AppData/Local/UnrealEngine/Common/DerivedDataCache: Writable
[2019.04.28-11.45.23:455][  0]LogDerivedDataCache: Shared data cache path not found in *engine.ini, will not use an Shared cache.
[2019.04.28-11.45.23:455][  0]LogDerivedDataCache: Unable to find inner node Shared for hierarchical cache Hierarchy.
[2019.04.28-11.45.23:474][  0]LogMaterial: Verifying Global Shaders for PCD3D_SM5
[2019.04.28-11.45.23:479][  0]LogSlate: Using FreeType 2.6.0
[2019.04.28-11.45.23:487][  0]LogSlate: SlateFontServices - WITH_FREETYPE: 1, WITH_HARFBUZZ: 1
[2019.04.28-11.45.23:715][  0]LogAssetRegistry: FAssetRegistry took 0.0328 seconds to start up
[2019.04.28-11.45.24:036][  0]LogInit: Selected Device Profile: [Windows]
[2019.04.28-11.45.24:264][  0]LogMeshReduction: Using QuadricMeshReduction for automatic static mesh reduction
[2019.04.28-11.45.24:264][  0]LogMeshReduction: Using SimplygonMeshReduction for automatic skeletal mesh reduction
[2019.04.28-11.45.24:264][  0]LogMeshReduction: Using ProxyLODMeshReduction for automatic mesh merging
[2019.04.28-11.45.24:264][  0]LogMeshReduction: No distributed automatic mesh merging module available
[2019.04.28-11.45.24:265][  0]LogMeshMerging: No distributed automatic mesh merging module available
[2019.04.28-11.45.24:302][  0]LogNetVersion: FuseImportTut 1.0.0, NetCL: 5660361, EngineNetVer: 10, GameNetVer: 0 (Checksum: 3512416232)
[2019.04.28-11.45.25:154][  0]LogPackageLocalizationCache: Processed 10 localized package path(s) for 1 prioritized culture(s) in 0.035183 seconds
[2019.04.28-11.45.25:159][  0]LogUObjectArray: 42205 objects as part of root set at end of initial load.
[2019.04.28-11.45.25:159][  0]LogUObjectAllocator: 7325032 out of 0 bytes used by permanent object pool.
[2019.04.28-11.45.25:159][  0]LogUObjectArray: CloseDisregardForGC: 0/0 objects in disregard for GC pool
[2019.04.28-11.45.27:694][  0]LogTcpMessaging: Initializing TcpMessaging bridge
[2019.04.28-11.45.27:710][  0]LogUdpMessaging: Initializing bridge on interface 0.0.0.0:0 to multicast group 230.0.0.1:6666.
[2019.04.28-11.45.27:860][  0]SourceControl: Source control is disabled
[2019.04.28-11.45.27:860][  0]SourceControl: Source control is disabled
[2019.04.28-11.45.27:869][  0]SourceControl: Source control is disabled
[2019.04.28-11.45.27:873][  0]SourceControl: Source control is disabled
[2019.04.28-11.45.28:040][  0]LogAndroidPermission: UAndroidPermissionCallbackProxy::GetInstance
[2019.04.28-11.45.28:157][  0]LogOcInput: OculusInput pre-init called
[2019.04.28-11.45.28:795][  0]LogEngine: Initializing Engine...
[2019.04.28-11.45.28:796][  0]LogHMD: Failed to initialize OpenVR with code 110
[2019.04.28-11.45.28:798][  0]LogStats: UGameplayTagsManager::InitializeManager -  0.000 s
[2019.04.28-11.45.29:090][  0]LogInit: Initializing FReadOnlyCVARCache
[2019.04.28-11.45.29:121][  0]LogAIModule: Creating AISystem for world Untitled
[2019.04.28-11.45.29:151][  0]LogInit: XAudio2 using 'Kopfhörer (Corsair VOID PRO USB Gaming Headset )' : 6 channels at 48 kHz using 16 bits per sample (channel mask 0x3f)
[2019.04.28-11.45.29:259][  0]LogInit: FAudioDevice initialized.
[2019.04.28-11.45.29:259][  0]LogNetVersion: Set ProjectVersion to 1.0.0.0. Version Checksum will be recalculated on next use.
[2019.04.28-11.45.29:352][  0]LogDerivedDataCache: Saved boot cache 0.09s 71MB C:/Users/Maik/AppData/Local/UnrealEngine/4.22/DerivedDataCache/Boot.ddc.
[2019.04.28-11.45.29:365][  0]LogInit: Texture streaming: Enabled
[2019.04.28-11.45.29:389][  0]LogEngineSessionManager: EngineSessionManager initialized
[2019.04.28-11.45.29:389][  0]LogEngineSessionManager: EngineSessionManager sent abnormal shutdown report. Type=AbnormalShutdown, SessionId={3321DBB1-4CF7-558C-417E-1EA49C9A91EC}
[2019.04.28-11.45.29:420][  0]LogInit: Transaction tracking system initialized
[2019.04.28-11.45.29:461][  0]BlueprintLog: New page: Editor Load
[2019.04.28-11.45.29:641][  0]LocalizationService: Localization service is disabled
[2019.04.28-11.45.30:131][  0]LogFileCache: Scanning file cache for directory 'E:/PyroReleases/PyroReleases/FuseImportTut/Content/' took 0.02s
[2019.04.28-11.45.30:131][  0]LogCook: Display: Max memory allowance for cook 16384mb min free memory 0mb
[2019.04.28-11.45.30:131][  0]LogCook: Display: Mobile HDR setting 1
[2019.04.28-11.45.30:533][  0]SourceControl: Source control is disabled
[2019.04.28-11.45.30:533][  0]Cmd: MAP LOAD FILE="E:/PyroReleases/PyroReleases/FuseImportTut/Content/ThirdPersonBP/Maps/ThirdPersonExampleMap.umap" TEMPLATE=0 SHOWPROGRESS=1 FEATURELEVEL=3
[2019.04.28-11.45.30:538][  0]LightingResults: New page: Lighting Build
[2019.04.28-11.45.30:545][  0]MapCheck: New page: Map Check
[2019.04.28-11.45.30:545][  0]LightingResults: New page: Lighting Build
[2019.04.28-11.45.30:573][  0]LogUObjectHash: Compacting FUObjectHashTables data took   1.24ms
[2019.04.28-11.45.31:051][  0]LogAIModule: Creating AISystem for world ThirdPersonExampleMap
[2019.04.28-11.45.31:075][  0]LogEditorServer: Finished looking for orphan Actors (0.000 secs)
[2019.04.28-11.45.31:102][  0]LogUObjectHash: Compacting FUObjectHashTables data took   1.53ms
[2019.04.28-11.45.31:102][  0]Cmd: MAP CHECKDEP NOCLEARLOG
[2019.04.28-11.45.31:102][  0]MapCheck: Map check complete: 0 Error(s), 0 Warning(s), took 0,082ms to complete.
[2019.04.28-11.45.31:102][  0]LogFileHelpers: Loading map 'ThirdPersonExampleMap' took 0.569
[2019.04.28-11.45.31:252][  0]LogSlate: Updating window title bar state: overlay mode, drag disabled, window buttons hidden, title bar hidden
[2019.04.28-11.45.31:258][  0]LogSlate: Updating window title bar state: overlay mode, drag disabled, window buttons hidden, title bar hidden
[2019.04.28-11.45.31:265][  0]LogSlate: Updating window title bar state: overlay mode, drag disabled, window buttons hidden, title bar hidden
[2019.04.28-11.45.31:271][  0]LogSlate: Updating window title bar state: overlay mode, drag disabled, window buttons hidden, title bar hidden
[2019.04.28-11.45.31:285][  0]LogCollectionManager: Loaded 0 collections in 0.001289 seconds
[2019.04.28-11.45.31:324][  0]LogFileCache: Scanning file cache for directory 'E:/PyroReleases/PyroReleases/FuseImportTut/Saved/Collections/' took 0.01s
[2019.04.28-11.45.31:324][  0]LogFileCache: Scanning file cache for directory 'E:/PyroReleases/PyroReleases/FuseImportTut/Content/Developers/Maik/Collections/' took 0.01s
[2019.04.28-11.45.31:324][  0]LogFileCache: Scanning file cache for directory 'E:/PyroReleases/PyroReleases/FuseImportTut/Content/Collections/' took 0.00s
[2019.04.28-11.45.31:324][  0]LogCollectionManager: Rebuilt the GUID cache for 0 collections in 0.000001 seconds
[2019.04.28-11.45.31:333][  0]LogContentBrowser: Native class hierarchy populated in 0.0081 seconds. Added 2732 classes and 659 folders.
[2019.04.28-11.45.31:343][  0]LogContentBrowser: Native class hierarchy updated for 'WidgetCarousel' in 0.0002 seconds. Added 0 classes and 0 folders.
[2019.04.28-11.45.31:351][  0]LogPakFile: Registered encryption key '00000000000000000000000000000000': 0 pak files mounted, 0 remain pending
[2019.04.28-11.45.31:357][  0]LogPakFile: Registered encryption key '00000000000000000000000000000000': 0 pak files mounted, 0 remain pending
[2019.04.28-11.45.31:368][  0]LogPakFile: Registered encryption key '00000000000000000000000000000000': 0 pak files mounted, 0 remain pending
[2019.04.28-11.45.31:373][  0]LogPakFile: Registered encryption key '00000000000000000000000000000000': 0 pak files mounted, 0 remain pending
[2019.04.28-11.45.31:377][  0]LogPakFile: Registered encryption key '00000000000000000000000000000000': 0 pak files mounted, 0 remain pending
[2019.04.28-11.45.31:381][  0]LogPakFile: Registered encryption key '00000000000000000000000000000000': 0 pak files mounted, 0 remain pending
[2019.04.28-11.45.31:385][  0]LogPakFile: Registered encryption key '00000000000000000000000000000000': 0 pak files mounted, 0 remain pending
[2019.04.28-11.45.31:389][  0]LogPakFile: Registered encryption key '00000000000000000000000000000000': 0 pak files mounted, 0 remain pending
[2019.04.28-11.45.31:394][  0]LogPakFile: Registered encryption key '00000000000000000000000000000000': 0 pak files mounted, 0 remain pending
[2019.04.28-11.45.31:399][  0]LogPakFile: Registered encryption key '00000000000000000000000000000000': 0 pak files mounted, 0 remain pending
[2019.04.28-11.45.31:403][  0]LogPakFile: Registered encryption key '00000000000000000000000000000000': 0 pak files mounted, 0 remain pending
[2019.04.28-11.45.31:407][  0]LogPakFile: Registered encryption key '00000000000000000000000000000000': 0 pak files mounted, 0 remain pending
[2019.04.28-11.45.31:411][  0]LogPakFile: Registered encryption key '00000000000000000000000000000000': 0 pak files mounted, 0 remain pending
[2019.04.28-11.45.31:416][  0]LogPakFile: Registered encryption key '00000000000000000000000000000000': 0 pak files mounted, 0 remain pending
[2019.04.28-11.45.31:420][  0]LogPakFile: Registered encryption key '00000000000000000000000000000000': 0 pak files mounted, 0 remain pending
[2019.04.28-11.45.31:424][  0]LogPakFile: Registered encryption key '00000000000000000000000000000000': 0 pak files mounted, 0 remain pending
[2019.04.28-11.45.31:445][  0]LogPakFile: Registered encryption key '00000000000000000000000000000000': 0 pak files mounted, 0 remain pending
[2019.04.28-11.45.31:450][  0]LogPakFile: Registered encryption key '00000000000000000000000000000000': 0 pak files mounted, 0 remain pending
[2019.04.28-11.45.31:454][  0]LogPakFile: Registered encryption key '00000000000000000000000000000000': 0 pak files mounted, 0 remain pending
[2019.04.28-11.45.31:458][  0]LogPakFile: Registered encryption key '00000000000000000000000000000000': 0 pak files mounted, 0 remain pending
[2019.04.28-11.45.31:462][  0]LogPakFile: Registered encryption key '00000000000000000000000000000000': 0 pak files mounted, 0 remain pending
[2019.04.28-11.45.31:466][  0]LogPakFile: Registered encryption key '00000000000000000000000000000000': 0 pak files mounted, 0 remain pending
[2019.04.28-11.45.31:471][  0]LogPakFile: Registered encryption key '00000000000000000000000000000000': 0 pak files mounted, 0 remain pending
[2019.04.28-11.45.31:475][  0]LogPakFile: Registered encryption key '00000000000000000000000000000000': 0 pak files mounted, 0 remain pending
[2019.04.28-11.45.31:480][  0]LogPakFile: Registered encryption key '00000000000000000000000000000000': 0 pak files mounted, 0 remain pending
[2019.04.28-11.45.31:484][  0]LogPakFile: Registered encryption key '00000000000000000000000000000000': 0 pak files mounted, 0 remain pending
[2019.04.28-11.45.31:602][  0]LogContentBrowser: Native class hierarchy updated for 'AddContentDialog' in 0.0003 seconds. Added 0 classes and 0 folders.
[2019.04.28-11.45.31:611][  0]LogContentBrowser: Native class hierarchy updated for 'SceneOutliner' in 0.0003 seconds. Added 1 classes and 2 folders.
[2019.04.28-11.45.31:735][  0]LogSlate: Took 0.005308 seconds to synchronously load lazily loaded font '../../../Engine/Content/Slate/Fonts/Roboto-Regular.ttf' (155K)
[2019.04.28-11.45.31:740][  0]LogSlate: Took 0.003800 seconds to synchronously load lazily loaded font '../../../Engine/Content/Slate/Fonts/Roboto-Bold.ttf' (160K)
[2019.04.28-11.45.31:748][  0]LogSlate: Took 0.004092 seconds to synchronously load lazily loaded font '../../../Engine/Content/Editor/Slate/Fonts/FontAwesome.ttf' (139K)
[2019.04.28-11.45.31:863][  0]LogRenderer: Reallocating scene render targets to support 1208x572 Format 10 NumSamples 1 (Frame:1).
[2019.04.28-11.45.31:987][  0]LogContentBrowser: Native class hierarchy updated for 'HierarchicalLODOutliner' in 0.0002 seconds. Added 0 classes and 0 folders.
[2019.04.28-11.45.31:987][  0]LogLoad: (Engine Initialization) Total time: 17.00 seconds
[2019.04.28-11.45.31:987][  0]LogLoad: (Engine Initialization) Total Blueprint compile time: 0.00 seconds
[2019.04.28-11.45.31:996][  0]LogWindowsTextInputMethodSystem: Display: IME system now deactivated.
[2019.04.28-11.45.32:018][  0]LogAssetRegistry: Asset discovery search completed in 8.3248 seconds
[2019.04.28-11.45.32:019][  0]LogCollectionManager: Rebuilt the object cache for 0 collections in 0.000000 seconds (found 0 objects)
[2019.04.28-11.45.32:019][  0]LogCollectionManager: Fixed up redirectors for 0 collections in 0.000038 seconds (updated 0 objects)
[2019.04.28-11.45.32:023][  0]LogContentStreaming: Texture pool size now 3000 MB
[2019.04.28-11.45.32:060][  0]LogSlate: Took 0.003885 seconds to synchronously load lazily loaded font '../../../Engine/Content/Slate/Fonts/Roboto-Light.ttf' (167K)
[2019.04.28-11.45.38:314][676]LogSlate: FSceneViewport::OnFocusLost() reason 0
[2019.04.28-11.45.38:518][700]LogSlate: Took 0.000151 seconds to synchronously load lazily loaded font '../../../Engine/Content/Slate/Fonts/Roboto-Light.ttf' (167K)
[2019.04.28-11.45.38:523][700]LogAssetEditorManager: Opening Asset editor for Skeleton /Game/FuseImport/Character_Skeleton.Character_Skeleton
[2019.04.28-11.45.38:533][700]LogContentBrowser: Native class hierarchy updated for 'SkeletonEditor' in 0.0002 seconds. Added 1 classes and 2 folders.
[2019.04.28-11.45.40:345][700]LogTexture: Display: Building textures: CharacterFuseSave_Body_Opacity (AutoDXT, 2048X2048)
[2019.04.28-11.45.40:345][700]LogTexture: Display: Building textures: CharacterFuseSave_Body_Gloss (AutoDXT, 2048X2048)
[2019.04.28-11.45.40:345][700]LogTexture: Display: Building textures: CharacterFuseSave_Body_Specular (AutoDXT, 2048X2048)
[2019.04.28-11.45.40:345][700]LogTexture: Display: Building textures: CharacterFuseSave_Body_Diffuse (AutoDXT, 2048X2048)
[2019.04.28-11.45.40:345][700]LogTexture: Display: Building textures: CharacterFuseSave_Body_Normal (BC5, 2048X2048)
[2019.04.28-11.45.40:345][700]LogMaterial: Display: Missing cached shader map for material Eyes, compiling. 
[2019.04.28-11.45.40:439][700]LogMaterial: Display: Missing cached shader map for material default, compiling. 
[2019.04.28-11.45.40:503][700]LogShaderCompilers: Display: Shaders left to compile 60
[2019.04.28-11.45.40:503][700]LogShaderCompilers: Display: Shaders left to compile 50
[2019.04.28-11.45.40:503][700]LogShaderCompilers: Display: Shaders left to compile 40
[2019.04.28-11.45.40:504][700]LogShaderCompilers: Display: Shaders left to compile 30
[2019.04.28-11.45.40:504][700]LogShaderCompilers: Display: Shaders left to compile 20
[2019.04.28-11.45.40:504][700]LogShaderCompilers: Display: Shaders left to compile 10
[2019.04.28-11.45.40:504][700]LogMaterial: Display: Missing cached shader map for material Bodymat, compiling. 
[2019.04.28-11.45.40:553][700]LogShaderCompilers: Display: Shaders left to compile 125
[2019.04.28-11.45.40:553][700]LogShaderCompilers: Display: Shaders left to compile 115
[2019.04.28-11.45.40:553][700]LogSkeletalMesh: Building Skeletal Mesh Character...
[2019.04.28-11.45.40:621][700]LogSkeletalMesh: Built Skeletal Mesh [0.07s] /Game/FuseImport/Character.Character
[2019.04.28-11.45.40:902][700]LogActorComponent: RegisterComponentWithWorld: (/Engine/Transient.World_0:PersistentLevel.AnimationEditorPreviewActor_0.DebugSkelMeshComponent_0) Already registered. Aborting.
[2019.04.28-11.45.40:911][700]LogContentBrowser: Native class hierarchy updated for 'PinnedCommandList' in 0.0005 seconds. Added 1 classes and 0 folders.
[2019.04.28-11.45.40:975][700]LogSkeletalMesh: USkeletalMeshComponent::InitArticulated : Bodies already created (/Engine/Transient.World_0:PersistentLevel.AnimationEditorPreviewActor_0.DebugSkelMeshComponent_0) - call TermArticulated first.
[2019.04.28-11.45.42:816][743]LogRenderer: Reallocating scene render targets to support 1208x652 Format 10 NumSamples 1 (Frame:48).
[2019.04.28-11.45.42:912][743]LogRenderer: Reallocating scene render targets to support 1208x864 Format 10 NumSamples 1 (Frame:49).
[2019.04.28-11.45.43:196][757]LogShaderCompilers: Display: Shaders left to compile 230
[2019.04.28-11.45.43:577][777]LogShaderCompilers: Display: Shaders left to compile 220
[2019.04.28-11.45.43:679][783]LogShaderCompilers: Display: Shaders left to compile 210
[2019.04.28-11.45.43:710][785]LogShaderCompilers: Display: Shaders left to compile 200
[2019.04.28-11.45.43:870][793]LogShaderCompilers: Display: Shaders left to compile 190
[2019.04.28-11.45.43:991][798]LogRenderer: Reallocating scene render targets to support 1208x884 Format 10 NumSamples 1 (Frame:105).
[2019.04.28-11.45.44:113][810]LogSlate: Window 'Character_Skeleton' being destroyed
[2019.04.28-11.45.44:780][877]LogShaderCompilers: Display: Shaders left to compile 180
[2019.04.28-11.45.45:115][904]LogShaderCompilers: Display: Shaders left to compile 170
[2019.04.28-11.45.45:838][975]LogShaderCompilers: Display: Shaders left to compile 160
[2019.04.28-11.45.46:223][ 13]LogShaderCompilers: Display: Shaders left to compile 150
[2019.04.28-11.45.46:562][ 49]LogShaderCompilers: Display: Shaders left to compile 140
[2019.04.28-11.45.47:045][ 96]LogShaderCompilers: Display: Shaders left to compile 130
[2019.04.28-11.45.47:163][109]LogShaderCompilers: Display: Shaders left to compile 120
[2019.04.28-11.45.48:416][239]LogShaderCompilers: Display: Shaders left to compile 110
[2019.04.28-11.45.49:010][295]LogShaderCompilers: Display: Shaders left to compile 100
[2019.04.28-11.45.49:553][353]LogShaderCompilers: Display: Shaders left to compile 90
[2019.04.28-11.45.49:704][368]LogShaderCompilers: Display: Shaders left to compile 80
[2019.04.28-11.45.49:834][380]LogShaderCompilers: Display: Shaders left to compile 70
[2019.04.28-11.45.49:976][396]LogShaderCompilers: Display: Shaders left to compile 60
[2019.04.28-11.45.50:571][464]LogShaderCompilers: Display: Shaders left to compile 50
[2019.04.28-11.47.26:287][566]LogShaderCompilers: Display: Shaders left to compile 40
[2019.04.28-11.47.26:287][566]LogShaderCompilers: Display: Shaders left to compile 30
[2019.04.28-11.47.26:287][566]LogShaderCompilers: Display: Shaders left to compile 20
[2019.04.28-11.47.26:287][566]LogShaderCompilers: Display: Shaders left to compile 10
[2019.04.28-11.47.31:998][224]LogUnrealEdMisc: Warning: Heartbeat event firing too frequently (5.710 sec). This should never happen. Something is wrong with the timer delegate!
[2019.04.28-11.47.40:257][208]LogSlate: FSceneViewport::OnFocusLost() reason 0
[2019.04.28-11.48.04:954][ 93]LogSlate: FSceneViewport::OnFocusLost() reason 2
[2019.04.28-11.48.05:492][157]LogSlate: FSceneViewport::OnFocusLost() reason 2
[2019.04.28-11.48.07:882][443]LogSlate: FSceneViewport::OnFocusLost() reason 2
[2019.04.28-11.48.25:787][252]LogSlate: FSceneViewport::OnFocusLost() reason 0
[2019.04.28-11.48.27:250][397]LogUObjectHash: Compacting FUObjectHashTables data took   1.38ms
[2019.04.28-11.48.27:375][397]LogSlate: Window 'FuseImportTut - Unreal Editor' being destroyed
[2019.04.28-11.48.27:375][397]LogWindowsTextInputMethodSystem: Display: IME system now deactivated.
[2019.04.28-11.48.27:527][398]Cmd: QUIT_EDITOR
[2019.04.28-11.48.27:549][398]LogExit: Preparing to exit.
[2019.04.28-11.48.27:828][398]LogExit: Editor shut down
[2019.04.28-11.48.27:828][398]LogExit: Transaction tracking system shut down
[2019.04.28-11.48.28:079][398]LogExit: Object subsystem successfully closed.
[2019.04.28-11.48.28:095][398]LogShaderCompilers: Display: Shaders left to compile 0
[2019.04.28-11.48.28:098][398]LogD3D11RHI: Shutdown
[2019.04.28-11.48.28:098][398]LogD3D11RHI: CleanupD3DDevice
[2019.04.28-11.48.28:099][398]LogRendererCore: FGlobalReadBuffer::ReleaseRHI
[2019.04.28-11.48.28:099][398]LogRendererCore: FGlobalDynamicReadBuffer::Cleanup()
[2019.04.28-11.48.28:099][398]LogRendererCore: FGlobalReadBuffer::ReleaseRHI
[2019.04.28-11.48.28:099][398]LogRendererCore: FGlobalDynamicReadBuffer::Cleanup()
[2019.04.28-11.48.28:099][398]LogRendererCore: FGlobalReadBuffer::ReleaseRHI
[2019.04.28-11.48.28:099][398]LogRendererCore: FGlobalDynamicReadBuffer::Cleanup()
[2019.04.28-11.48.28:170][398]LogD3D11RHI: ~FD3D11DynamicRHI
[2019.04.28-11.48.28:196][398]LogModuleManager: Shutting down and abandoning module PinnedCommandList (646)
[2019.04.28-11.48.28:196][398]LogModuleManager: Shutting down and abandoning module SkeletonEditor (644)
[2019.04.28-11.48.28:196][398]LogModuleManager: Shutting down and abandoning module HierarchicalLODOutliner (642)
[2019.04.28-11.48.28:196][398]LogModuleManager: Shutting down and abandoning module SceneOutliner (640)
[2019.04.28-11.48.28:196][398]LogModuleManager: Shutting down and abandoning module AddContentDialog (638)
[2019.04.28-11.48.28:197][398]LogModuleManager: Shutting down and abandoning module WidgetCarousel (637)
[2019.04.28-11.48.28:197][398]LogModuleManager: Shutting down and abandoning module EditorWidgets (634)
[2019.04.28-11.48.28:197][398]LogModuleManager: Shutting down and abandoning module CollectionManager (632)
[2019.04.28-11.48.28:197][398]LogModuleManager: Shutting down and abandoning module StatsViewer (630)
[2019.04.28-11.48.28:197][398]LogModuleManager: Shutting down and abandoning module FoliageEdit (628)
[2019.04.28-11.48.28:197][398]LogModuleManager: Shutting down and abandoning module LandscapeEditor (626)
[2019.04.28-11.48.28:198][398]LogModuleManager: Shutting down and abandoning module MeshPaintMode (624)
[2019.04.28-11.48.28:198][398]LogModuleManager: Shutting down and abandoning module SceneDepthPickerMode (622)
[2019.04.28-11.48.28:198][398]LogModuleManager: Shutting down and abandoning module ActorPickerMode (620)
[2019.04.28-11.48.28:198][398]LogModuleManager: Shutting down and abandoning module GeometryMode (618)
[2019.04.28-11.48.28:198][398]LogModuleManager: Shutting down and abandoning module TextureAlignMode (616)
[2019.04.28-11.48.28:198][398]LogModuleManager: Shutting down and abandoning module BspMode (614)
[2019.04.28-11.48.28:198][398]LogModuleManager: Shutting down and abandoning module PIEPreviewDeviceProfileSelector (612)
[2019.04.28-11.48.28:198][398]LogModuleManager: Shutting down and abandoning module SequenceRecorderSections (610)
[2019.04.28-11.48.28:198][398]LogModuleManager: Shutting down and abandoning module AutomationWorker (608)
[2019.04.28-11.48.28:198][398]LogModuleManager: Shutting down and abandoning module OculusMR (606)
[2019.04.28-11.48.28:198][398]LogModuleManager: Shutting down and abandoning module AudioCaptureEditor (604)
[2019.04.28-11.48.28:199][398]LogModuleManager: Shutting down and abandoning module MatineeToLevelSequence (602)
[2019.04.28-11.48.28:199][398]LogModuleManager: Shutting down and abandoning module LevelSequenceEditor (600)
[2019.04.28-11.48.28:199][398]LogModuleManager: Shutting down and abandoning module PlacementMode (599)
[2019.04.28-11.48.28:199][398]LogModuleManager: Shutting down and abandoning module MaterialEditor (598)
[2019.04.28-11.48.28:200][398]LogModuleManager: Shutting down and abandoning module ActorSequenceEditor (594)
[2019.04.28-11.48.28:200][398]LogModuleManager: Shutting down and abandoning module WmfMediaFactory (592)
[2019.04.28-11.48.28:200][398]LogModuleManager: Shutting down and abandoning module WmfMediaEditor (590)
[2019.04.28-11.48.28:200][398]LogModuleManager: Shutting down and abandoning module WebMMediaFactory (588)
[2019.04.28-11.48.28:200][398]LogModuleManager: Shutting down and abandoning module WebMMediaEditor (586)
[2019.04.28-11.48.28:200][398]LogModuleManager: Shutting down and abandoning module WebMMedia (584)
[2019.04.28-11.48.28:200][398]LogModuleManager: Shutting down and abandoning module MediaPlayerEditor (582)
[2019.04.28-11.48.28:200][398]LogModuleManager: Shutting down and abandoning module MediaCompositingEditor (580)
[2019.04.28-11.48.28:201][398]LogModuleManager: Shutting down and abandoning module SequenceRecorder (579)
[2019.04.28-11.48.28:201][398]LogModuleManager: Shutting down and abandoning module OpenExrWrapper (576)
[2019.04.28-11.48.28:201][398]LogModuleManager: Shutting down and abandoning module ImgMediaFactory (574)
[2019.04.28-11.48.28:201][398]LogModuleManager: Shutting down and abandoning module ImgMediaEditor (572)
[2019.04.28-11.48.28:201][398]LogModuleManager: Shutting down and abandoning module AvfMediaFactory (570)
[2019.04.28-11.48.28:201][398]LogModuleManager: Shutting down and abandoning module AvfMediaEditor (568)
[2019.04.28-11.48.28:201][398]LogModuleManager: Shutting down and abandoning module AndroidMediaFactory (566)
[2019.04.28-11.48.28:201][398]LogModuleManager: Shutting down and abandoning module AndroidMediaEditor (564)
[2019.04.28-11.48.28:201][398]LogModuleManager: Shutting down and abandoning module MagicLeapCameraPreviewFactory (562)
[2019.04.28-11.48.28:201][398]LogModuleManager: Shutting down and abandoning module MagicLeapMediaCodecFactory (560)
[2019.04.28-11.48.28:201][398]LogModuleManager: Shutting down and abandoning module MagicLeapMediaFactory (558)
[2019.04.28-11.48.28:201][398]LogModuleManager: Shutting down and abandoning module MagicLeapMediaEditor (556)
[2019.04.28-11.48.28:201][398]LogModuleManager: Shutting down and abandoning module CharacterAI (554)
[2019.04.28-11.48.28:201][398]LogModuleManager: Shutting down and abandoning module SmartSnapping (552)
[2019.04.28-11.48.28:201][398]LogModuleManager: Shutting down and abandoning module SessionServices (550)
[2019.04.28-11.48.28:201][398]LogModuleManager: Shutting down and abandoning module MeshPaint (548)
[2019.04.28-11.48.28:201][398]LogModuleManager: Shutting down and abandoning module ViewportSnapping (546)
[2019.04.28-11.48.28:201][398]LogModuleManager: Shutting down and abandoning module ViewportInteraction (544)
[2019.04.28-11.48.28:201][398]LogModuleManager: Shutting down and abandoning module ClothPainter (542)
[2019.04.28-11.48.28:202][398]LogModuleManager: Shutting down and abandoning module SkeletalMeshEditor (541)
[2019.04.28-11.48.28:203][398]LogModuleManager: Shutting down and abandoning module LogVisualizer (538)
[2019.04.28-11.48.28:203][398]LogModuleManager: Shutting down and abandoning module IntroTutorials (536)
[2019.04.28-11.48.28:203][398]LogModuleManager: Shutting down and abandoning module GameProjectGeneration (535)
[2019.04.28-11.48.28:203][398]LogModuleManager: Shutting down and abandoning module LuminPlatformEditor (532)
[2019.04.28-11.48.28:203][398]LogModuleManager: Shutting down and abandoning module IOSPlatformEditor (530)
[2019.04.28-11.48.28:203][398]LogModuleManager: Shutting down and abandoning module HTML5PlatformEditor (528)
[2019.04.28-11.48.28:203][398]LogModuleManager: Shutting down and abandoning module AndroidPlatformEditor (526)
[2019.04.28-11.48.28:203][398]LogModuleManager: Shutting down and abandoning module AndroidDeviceDetection (525)
[2019.04.28-11.48.28:852][398]LogModuleManager: Shutting down and abandoning module WindowsPlatformEditor (522)
[2019.04.28-11.48.28:852][398]LogModuleManager: Shutting down and abandoning module LuminRuntimeSettings (520)
[2019.04.28-11.48.28:852][398]LogModuleManager: Shutting down and abandoning module IOSRuntimeSettings (518)
[2019.04.28-11.48.28:852][398]LogModuleManager: Shutting down and abandoning module AndroidRuntimeSettings (516)
[2019.04.28-11.48.28:852][398]LogModuleManager: Shutting down and abandoning module TimeManagementEditor (514)
[2019.04.28-11.48.28:852][398]LogModuleManager: Shutting down and abandoning module InputBindingEditor (512)
[2019.04.28-11.48.28:853][398]LogModuleManager: Shutting down and abandoning module MergeActors (510)
[2019.04.28-11.48.28:853][398]LogModuleManager: Shutting down and abandoning module LocalizationDashboard (508)
[2019.04.28-11.48.28:853][398]LogModuleManager: Shutting down and abandoning module LocalizationService (507)
[2019.04.28-11.48.28:853][398]LogModuleManager: Shutting down and abandoning module HardwareTargeting (504)
[2019.04.28-11.48.28:853][398]LogModuleManager: Shutting down and abandoning module DeviceProfileEditor (502)
[2019.04.28-11.48.28:853][398]LogModuleManager: Shutting down and abandoning module UndoHistory (500)
[2019.04.28-11.48.28:853][398]LogModuleManager: Shutting down and abandoning module XmlParser (498)
[2019.04.28-11.48.28:853][398]LogModuleManager: Shutting down and abandoning module Blutility (496)
[2019.04.28-11.48.28:853][398]LogModuleManager: Shutting down and abandoning module ProjectSettingsViewer (494)
[2019.04.28-11.48.28:853][398]LogModuleManager: Shutting down and abandoning module ProjectTargetPlatformEditor (493)
[2019.04.28-11.48.28:853][398]LogModuleManager: Shutting down and abandoning module EditorSettingsViewer (490)
[2019.04.28-11.48.28:853][398]LogModuleManager: Shutting down and abandoning module SettingsEditor (488)
[2019.04.28-11.48.28:854][398]LogModuleManager: Shutting down and abandoning module ProjectLauncher (486)
[2019.04.28-11.48.28:854][398]LogModuleManager: Shutting down and abandoning module SessionFrontend (484)
[2019.04.28-11.48.28:854][398]LogModuleManager: Shutting down and abandoning module ProfilerClient (482)
[2019.04.28-11.48.28:854][398]LogModuleManager: Shutting down and abandoning module DeviceManager (480)
[2019.04.28-11.48.28:854][398]LogModuleManager: Shutting down and abandoning module TargetDeviceServices (479)
[2019.04.28-11.48.28:909][398]LogModuleManager: Shutting down and abandoning module AutomationController (476)
[2019.04.28-11.48.28:909][398]LogModuleManager: Shutting down and abandoning module AutomationWindow (474)
[2019.04.28-11.48.28:909][398]LogModuleManager: Shutting down and abandoning module Layers (472)
[2019.04.28-11.48.28:911][398]LogModuleManager: Shutting down and abandoning module ComponentVisualizers (470)
[2019.04.28-11.48.28:911][398]LogModuleManager: Shutting down and abandoning module DetailCustomizations (468)
[2019.04.28-11.48.28:911][398]LogModuleManager: Shutting down and abandoning module PackagesDialog (466)
[2019.04.28-11.48.28:911][398]LogModuleManager: Shutting down and abandoning module AnimationBlueprintEditor (464)
[2019.04.28-11.48.28:912][398]LogModuleManager: Shutting down and abandoning module Persona (462)
[2019.04.28-11.48.28:912][398]LogModuleManager: Shutting down and abandoning module AdvancedPreviewScene (461)
[2019.04.28-11.48.28:912][398]LogModuleManager: Shutting down and abandoning module AnimGraph (459)
[2019.04.28-11.48.28:912][398]LogModuleManager: Shutting down and abandoning module Kismet (456)
[2019.04.28-11.48.28:913][398]LogModuleManager: Shutting down and abandoning module GraphEditor (454)
[2019.04.28-11.48.28:914][398]LogModuleManager: Shutting down and abandoning module ClassViewer (452)
[2019.04.28-11.48.28:914][398]LogModuleManager: Shutting down and abandoning module Toolbox (450)
[2019.04.28-11.48.28:914][398]LogModuleManager: Shutting down and abandoning module ModuleUI (448)
[2019.04.28-11.48.28:914][398]LogModuleManager: Shutting down and abandoning module MovieSceneTools (446)
[2019.04.28-11.48.28:914][398]LogModuleManager: Shutting down and abandoning module OutputLog (444)
[2019.04.28-11.48.28:914][398]LogModuleManager: Shutting down and abandoning module GammaUI (442)
[2019.04.28-11.48.28:914][398]LogModuleManager: Shutting down and abandoning module Documentation (440)
[2019.04.28-11.48.28:914][398]LogModuleManager: Shutting down and abandoning module LiveCoding (438)
[2019.04.28-11.48.28:914][398]LogModuleManager: Shutting down and abandoning module LevelSequence (436)
[2019.04.28-11.48.28:915][398]LogModuleManager: Shutting down and abandoning module MovieSceneTracks (434)
[2019.04.28-11.48.28:915][398]LogModuleManager: Shutting down and abandoning module MovieScene (432)
[2019.04.28-11.48.28:915][398]LogModuleManager: Shutting down and abandoning module StreamingPauseRendering (430)
[2019.04.28-11.48.28:915][398]LogModuleManager: Shutting down and abandoning module LauncherPlatform (428)
[2019.04.28-11.48.28:915][398]LogModuleManager: Shutting down and abandoning module AnalyticsET (426)
[2019.04.28-11.48.28:915][398]LogModuleManager: Shutting down and abandoning module PortalServices (424)
[2019.04.28-11.48.28:915][398]LogModuleManager: Shutting down and abandoning module PortalRpc (422)
[2019.04.28-11.48.28:915][398]LogModuleManager: Shutting down and abandoning module MessagingRpc (420)
[2019.04.28-11.48.28:915][398]LogModuleManager: Shutting down and abandoning module AIModule (418)
[2019.04.28-11.48.28:915][398]LogModuleManager: Shutting down and abandoning module GameplayDebugger (417)
[2019.04.28-11.48.28:915][398]LogModuleManager: Shutting down and abandoning module AITestSuite (415)
[2019.04.28-11.48.28:915][398]LogModuleManager: Shutting down and abandoning module NavigationSystem (413)
[2019.04.28-11.48.28:915][398]LogModuleManager: Shutting down and abandoning module DesktopPlatform (410)
[2019.04.28-11.48.28:915][398]LogModuleManager: Shutting down and abandoning module ImageWriteQueue (408)
[2019.04.28-11.48.28:917][398]LogModuleManager: Shutting down and abandoning module ProfilerService (406)
[2019.04.28-11.48.29:096][398]LogModuleManager: Shutting down and abandoning module TaskGraph (404)
[2019.04.28-11.48.29:097][398]LogModuleManager: Shutting down and abandoning module SteamVRController (402)
[2019.04.28-11.48.29:097][398]LogModuleManager: Shutting down and abandoning module ProceduralMeshComponentEditor (400)
[2019.04.28-11.48.29:097][398]LogModuleManager: Shutting down and abandoning module ProceduralMeshComponent (398)
[2019.04.28-11.48.29:097][398]LogModuleManager: Shutting down and abandoning module OculusEditor (396)
[2019.04.28-11.48.29:097][398]LogModuleManager: Shutting down and abandoning module OculusInput (394)
[2019.04.28-11.48.29:097][398]LogModuleManager: Shutting down and abandoning module MobilePatchingUtils (392)
[2019.04.28-11.48.29:097][398]LogModuleManager: Shutting down and abandoning module EditableMesh (390)
[2019.04.28-11.48.29:097][398]LogModuleManager: Shutting down and abandoning module CustomMeshComponent (388)
[2019.04.28-11.48.29:097][398]LogModuleManager: Shutting down and abandoning module CableComponent (386)
[2019.04.28-11.48.29:097][398]LogModuleManager: Shutting down and abandoning module AudioCapture (384)
[2019.04.28-11.48.29:097][398]LogModuleManager: Shutting down and abandoning module ArchVisCharacter (382)
[2019.04.28-11.48.29:098][398]LogModuleManager: Shutting down and abandoning module AndroidPermission (380)
[2019.04.28-11.48.29:098][398]LogModuleManager: Shutting down and abandoning module NUTUnrealEngine4 (378)
[2019.04.28-11.48.29:098][398]LogModuleManager: Shutting down and abandoning module NetcodeUnitTest (376)
[2019.04.28-11.48.29:098][398]LogModuleManager: Shutting down and abandoning module MediaCompositing (374)
[2019.04.28-11.48.29:098][398]LogModuleManager: Shutting down and abandoning module LinearTimecode (372)
[2019.04.28-11.48.29:098][398]LogModuleManager: Shutting down and abandoning module ImgMedia (370)
[2019.04.28-11.48.29:098][398]LogModuleManager: Shutting down and abandoning module MagicLeapHelperVulkan (368)
[2019.04.28-11.48.29:098][398]LogModuleManager: Shutting down and abandoning module MagicLeapHelperOpenGL (366)
[2019.04.28-11.48.29:098][398]LogModuleManager: Shutting down and abandoning module MagicLeapAudio (364)
[2019.04.28-11.48.29:098][398]LogModuleManager: Shutting down and abandoning module HTML5Networking (362)
[2019.04.28-11.48.29:098][398]LogModuleManager: Shutting down and abandoning module GeometryCacheTracks (360)
[2019.04.28-11.48.29:098][398]LogModuleManager: Shutting down and abandoning module GeometryCacheSequencer (358)
[2019.04.28-11.48.29:098][398]LogModuleManager: Shutting down and abandoning module BackChannel (356)
[2019.04.28-11.48.29:098][398]LogModuleManager: Shutting down and abandoning module AppleVision (354)
[2019.04.28-11.48.29:098][398]LogModuleManager: Shutting down and abandoning module AppleImageUtilsBlueprintSupport (352)
[2019.04.28-11.48.29:098][398]LogModuleManager: Shutting down and abandoning module AppleImageUtils (350)
[2019.04.28-11.48.29:098][398]LogModuleManager: Shutting down and abandoning module AlembicImporter (348)
[2019.04.28-11.48.29:098][398]LogModuleManager: Shutting down and abandoning module AlembicLibrary (347)
[2019.04.28-11.48.29:098][398]LogModuleManager: Shutting down and abandoning module GeometryCache (346)
[2019.04.28-11.48.29:098][398]LogModuleManager: Shutting down and abandoning module GeometryCacheEd (345)
[2019.04.28-11.48.29:098][398]LogModuleManager: Shutting down and abandoning module VariantManagerContent (340)
[2019.04.28-11.48.29:098][398]LogModuleManager: Shutting down and abandoning module DatasmithContentEditor (338)
[2019.04.28-11.48.29:098][398]LogModuleManager: Shutting down and abandoning module SpeedTreeImporter (336)
[2019.04.28-11.48.29:098][398]LogModuleManager: Shutting down and abandoning module PluginBrowser (334)
[2019.04.28-11.48.29:098][398]LogModuleManager: Shutting down and abandoning module MobileLauncherProfileWizard (332)
[2019.04.28-11.48.29:098][398]LogModuleManager: Shutting down and abandoning module MaterialAnalyzer (330)
[2019.04.28-11.48.29:099][398]LogModuleManager: Shutting down and abandoning module CryptoKeysOpenSSL (328)
[2019.04.28-11.48.29:099][398]LogModuleManager: Shutting down and abandoning module CryptoKeys (326)
[2019.04.28-11.48.29:099][398]LogModuleManager: Shutting down and abandoning module VisualStudioSourceCodeAccess (324)
[2019.04.28-11.48.29:099][398]LogModuleManager: Shutting down and abandoning module VisualStudioCodeSourceCodeAccess (322)
[2019.04.28-11.48.29:099][398]LogModuleManager: Shutting down and abandoning module UObjectPlugin (320)
[2019.04.28-11.48.29:099][398]LogModuleManager: Shutting down and abandoning module SubversionSourceControl (318)
[2019.04.28-11.48.29:099][398]LogModuleManager: Shutting down and abandoning module PerforceSourceControl (316)
[2019.04.28-11.48.29:099][398]LogModuleManager: Shutting down and abandoning module GitSourceControl (314)
[2019.04.28-11.48.29:099][398]LogModuleManager: Shutting down and abandoning module SourceControl (313)
[2019.04.28-11.48.29:099][398]LogModuleManager: Shutting down and abandoning module CLionSourceCodeAccess (310)
[2019.04.28-11.48.29:099][398]LogModuleManager: Shutting down and abandoning module AnimationSharingEd (308)
[2019.04.28-11.48.29:099][398]LogModuleManager: Shutting down and abandoning module ActorLayerUtilitiesEditor (306)
[2019.04.28-11.48.29:099][398]LogModuleManager: Shutting down and abandoning module ActorLayerUtilities (304)
[2019.04.28-11.48.29:099][398]LogModuleManager: Shutting down and abandoning module LightPropagationVolumeEditor (302)
[2019.04.28-11.48.29:099][398]LogModuleManager: Shutting down and abandoning module PaperTiledImporter (300)
[2019.04.28-11.48.29:099][398]LogModuleManager: Shutting down and abandoning module PaperSpriteSheetImporter (298)
[2019.04.28-11.48.29:099][398]LogModuleManager: Shutting down and abandoning module Paper2DEditor (296)
[2019.04.28-11.48.29:100][398]LogModuleManager: Shutting down and abandoning module SignificanceManager (294)
[2019.04.28-11.48.29:100][398]LogModuleManager: Shutting down and abandoning module RuntimePhysXCooking (292)
[2019.04.28-11.48.29:100][398]LogModuleManager: Shutting down and abandoning module PhysXVehiclesEditor (290)
[2019.04.28-11.48.29:100][398]LogModuleManager: Shutting down and abandoning module PhysXVehicles (288)
[2019.04.28-11.48.29:100][398]LogModuleManager: Shutting down and abandoning module LocationServicesBPLibrary (286)
[2019.04.28-11.48.29:100][398]LogModuleManager: Shutting down and abandoning module ActorSequence (284)
[2019.04.28-11.48.29:100][398]LogModuleManager: Shutting down and abandoning module UdpMessaging (282)
[2019.04.28-11.48.29:201][398]LogModuleManager: Shutting down and abandoning module TcpMessaging (280)
[2019.04.28-11.48.29:301][398]LogModuleManager: Shutting down and abandoning module MagicLeapIdentity (278)
[2019.04.28-11.48.29:301][398]LogModuleManager: Shutting down and abandoning module MagicLeapSecureStorage (276)
[2019.04.28-11.48.29:301][398]LogModuleManager: Shutting down and abandoning module MagicLeapHandTracking (274)
[2019.04.28-11.48.29:301][398]LogModuleManager: Shutting down and abandoning module MagicLeapEyeTracker (272)
[2019.04.28-11.48.29:301][398]LogModuleManager: Shutting down and abandoning module MagicLeapController (270)
[2019.04.28-11.48.29:301][398]LogSlate: Slate User Destroyed.  User Index 0, Is Virtual User: 0
[2019.04.28-11.48.29:301][398]LogModuleManager: Shutting down and abandoning module MagicLeapAR (268)
[2019.04.28-11.48.29:301][398]LogModuleManager: Shutting down and abandoning module AugmentedReality (267)
[2019.04.28-11.48.29:301][398]LogModuleManager: Shutting down and abandoning module GameplayTagsEditor (264)
[2019.04.28-11.48.29:301][398]LogModuleManager: Shutting down and abandoning module FacialAnimationEditor (262)
[2019.04.28-11.48.29:301][398]LogModuleManager: Shutting down and abandoning module FacialAnimation (260)
[2019.04.28-11.48.29:301][398]LogModuleManager: Shutting down and abandoning module DataValidation (258)
[2019.04.28-11.48.29:301][398]LogModuleManager: Shutting down and abandoning module AssetManagerEditor (256)
[2019.04.28-11.48.29:302][398]LogModuleManager: Shutting down and abandoning module LevelEditor (255)
[2019.04.28-11.48.29:302][398]LogModuleManager: Shutting down and abandoning module PixelInspectorModule (254)
[2019.04.28-11.48.29:303][398]LogModuleManager: Shutting down and abandoning module CommonMenuExtensions (252)
[2019.04.28-11.48.29:303][398]LogModuleManager: Shutting down and abandoning module MainFrame (250)
[2019.04.28-11.48.29:303][398]LogModuleManager: Shutting down and abandoning module HotReload (249)
[2019.04.28-11.48.29:303][398]LogModuleManager: Shutting down and abandoning module ContentBrowser (245)
[2019.04.28-11.48.29:304][398]LogModuleManager: Shutting down and abandoning module TreeMap (243)
[2019.04.28-11.48.29:304][398]LogModuleManager: Shutting down and abandoning module AnimationSharing (240)
[2019.04.28-11.48.29:304][398]LogModuleManager: Shutting down and abandoning module LightPropagationVolumeRuntime (238)
[2019.04.28-11.48.29:304][398]LogModuleManager: Shutting down and abandoning module AISupportModule (236)
[2019.04.28-11.48.29:304][398]LogModuleManager: Shutting down and abandoning module Paper2D (234)
[2019.04.28-11.48.29:304][398]LogModuleManager: Shutting down and abandoning module WindowsMoviePlayer (232)
[2019.04.28-11.48.29:304][398]LogModuleManager: Shutting down and abandoning module WebMMoviePlayer (230)
[2019.04.28-11.48.29:304][398]LogModuleManager: Shutting down and abandoning module PacketHandler (228)
[2019.04.28-11.48.29:304][398]LogModuleManager: Shutting down and abandoning module ClothingSystemEditor (226)
[2019.04.28-11.48.29:304][398]LogModuleManager: Shutting down and abandoning module ClothingSystemRuntime (224)
[2019.04.28-11.48.29:305][398]LogModuleManager: Shutting down and abandoning module MediaAssets (222)
[2019.04.28-11.48.29:305][398]LogModuleManager: Shutting down and abandoning module Overlay (220)
[2019.04.28-11.48.29:305][398]LogModuleManager: Shutting down and abandoning module OverlayEditor (219)
[2019.04.28-11.48.29:305][398]LogModuleManager: Shutting down and abandoning module VREditor (216)
[2019.04.28-11.48.29:305][398]LogModuleManager: Shutting down and abandoning module StringTableEditor (214)
[2019.04.28-11.48.29:305][398]LogModuleManager: Shutting down and abandoning module GameplayTasksEditor (212)
[2019.04.28-11.48.29:305][398]LogModuleManager: Shutting down and abandoning module BehaviorTreeEditor (210)
[2019.04.28-11.48.29:306][398]LogModuleManager: Shutting down and abandoning module FunctionalTesting (208)
[2019.04.28-11.48.29:306][398]LogModuleManager: Shutting down and abandoning module CollisionAnalyzer (206)
[2019.04.28-11.48.29:306][398]LogModuleManager: Shutting down and abandoning module WorkspaceMenuStructure (205)
[2019.04.28-11.48.29:306][398]LogModuleManager: Shutting down and abandoning module UMG (202)
[2019.04.28-11.48.29:306][398]LogModuleManager: Shutting down and abandoning module UMGEditor (201)
[2019.04.28-11.48.29:306][398]LogModuleManager: Shutting down and abandoning module Sequencer (200)
[2019.04.28-11.48.29:307][398]LogModuleManager: Shutting down and abandoning module MessageLog (197)
[2019.04.28-11.48.29:307][398]LogModuleManager: Shutting down and abandoning module SlateReflector (192)
[2019.04.28-11.48.29:308][398]LogModuleManager: Shutting down and abandoning module Slate (190)
[2019.04.28-11.48.29:308][398]LogModuleManager: Shutting down and abandoning module EditorStyle (188)
[2019.04.28-11.48.29:309][398]LogModuleManager: Shutting down and abandoning module UnrealEd (186)
[2019.04.28-11.48.29:309][398]LogModuleManager: Shutting down and abandoning module MRMesh (184)
[2019.04.28-11.48.29:309][398]LogModuleManager: Shutting down and abandoning module SourceCodeAccess (182)
[2019.04.28-11.48.29:309][398]LogModuleManager: Shutting down and abandoning module HeadMountedDisplay (180)
[2019.04.28-11.48.29:309][398]LogModuleManager: Shutting down and abandoning module XAudio2 (178)
[2019.04.28-11.48.29:309][398]LogModuleManager: Shutting down and abandoning module Networking (176)
[2019.04.28-11.48.29:309][398]LogModuleManager: Shutting down and abandoning module Core (174)
[2019.04.28-11.48.29:309][398]LogModuleManager: Shutting down and abandoning module KismetCompiler (172)
[2019.04.28-11.48.29:310][398]LogModuleManager: Shutting down and abandoning module MeshUtilities (170)
[2019.04.28-11.48.29:310][398]LogModuleManager: Shutting down and abandoning module MeshMergeUtilities (169)
[2019.04.28-11.48.29:310][398]LogModuleManager: Shutting down and abandoning module MeshReductionInterface (168)
[2019.04.28-11.48.29:310][398]LogModuleManager: Shutting down and abandoning module SkeletalMeshReduction (167)
[2019.04.28-11.48.29:310][398]LogModuleManager: Shutting down and abandoning module ProxyLODMeshReduction (165)
[2019.04.28-11.48.29:310][398]LogModuleManager: Shutting down and abandoning module QuadricMeshReduction (163)
[2019.04.28-11.48.29:310][398]LogModuleManager: Shutting down and abandoning module MaterialBaking (159)
[2019.04.28-11.48.29:311][398]LogModuleManager: Shutting down and abandoning module DerivedDataCache (154)
[2019.04.28-11.48.29:340][398]LogDerivedDataCache: Shutdown
[2019.04.28-11.48.29:340][398]LogModuleManager: Shutting down and abandoning module XGEController (152)
[2019.04.28-11.48.29:340][398]LogXGEController: Cleaning working directory: C:/Users/Maik/AppData/Local/Temp/UnrealXGEWorkingDir/
[2019.04.28-11.48.29:341][398]LogModuleManager: Shutting down and abandoning module TargetPlatform (150)
[2019.04.28-11.48.29:341][398]LogModuleManager: Shutting down and abandoning module VulkanShaderFormat (149)
[2019.04.28-11.48.29:341][398]LogModuleManager: Shutting down and abandoning module ShaderFormatVectorVM (147)
[2019.04.28-11.48.29:341][398]LogModuleManager: Shutting down and abandoning module ShaderFormatOpenGL (145)
[2019.04.28-11.48.29:341][398]LogModuleManager: Shutting down and abandoning module ShaderFormatD3D (143)
[2019.04.28-11.48.29:341][398]LogModuleManager: Shutting down and abandoning module MetalShaderFormat (141)
[2019.04.28-11.48.29:341][398]LogModuleManager: Shutting down and abandoning module TextureFormatUncompressed (139)
[2019.04.28-11.48.29:341][398]LogModuleManager: Shutting down and abandoning module TextureFormatPVR (137)
[2019.04.28-11.48.29:342][398]LogModuleManager: Shutting down and abandoning module TextureFormatDXT (135)
[2019.04.28-11.48.29:342][398]LogModuleManager: Shutting down and abandoning module TextureFormatIntelISPCTexComp (133)
[2019.04.28-11.48.29:342][398]LogModuleManager: Shutting down and abandoning module TextureFormatASTC (131)
[2019.04.28-11.48.29:342][398]LogModuleManager: Shutting down and abandoning module ImageWrapper (130)
[2019.04.28-11.48.29:342][398]LogModuleManager: Shutting down and abandoning module TextureFormatAndroid (127)
[2019.04.28-11.48.29:342][398]LogModuleManager: Shutting down and abandoning module AudioFormatOpus (125)
[2019.04.28-11.48.29:342][398]LogModuleManager: Shutting down and abandoning module AudioFormatOgg (123)
[2019.04.28-11.48.29:342][398]LogModuleManager: Shutting down and abandoning module AudioFormatADPCM (121)
[2019.04.28-11.48.29:342][398]LogModuleManager: Shutting down and abandoning module LuminTargetPlatform (119)
[2019.04.28-11.48.29:342][398]LogModuleManager: Shutting down and abandoning module LinuxTargetPlatform (117)
[2019.04.28-11.48.29:342][398]LogModuleManager: Shutting down and abandoning module LinuxServerTargetPlatform (115)
[2019.04.28-11.48.29:342][398]LogModuleManager: Shutting down and abandoning module LinuxNoEditorTargetPlatform (113)
[2019.04.28-11.48.29:343][398]LogModuleManager: Shutting down and abandoning module LinuxClientTargetPlatform (111)
[2019.04.28-11.48.29:343][398]LogModuleManager: Shutting down and abandoning module TVOSTargetPlatform (109)
[2019.04.28-11.48.29:343][398]LogModuleManager: Shutting down and abandoning module Messaging (107)
[2019.04.28-11.48.29:343][398]LogModuleManager: Shutting down and abandoning module IOSTargetPlatform (105)
[2019.04.28-11.48.29:344][398]LogModuleManager: Shutting down and abandoning module HTML5TargetPlatform (103)
[2019.04.28-11.48.29:344][398]LogModuleManager: Shutting down and abandoning module AndroidTargetPlatform (101)
[2019.04.28-11.48.29:349][398]LogModuleManager: Shutting down and abandoning module WindowsTargetPlatform (99)
[2019.04.28-11.48.29:349][398]LogModuleManager: Shutting down and abandoning module WindowsServerTargetPlatform (97)
[2019.04.28-11.48.29:349][398]LogModuleManager: Shutting down and abandoning module WindowsNoEditorTargetPlatform (95)
[2019.04.28-11.48.29:349][398]LogModuleManager: Shutting down and abandoning module WindowsClientTargetPlatform (93)
[2019.04.28-11.48.29:349][398]LogModuleManager: Shutting down and abandoning module MacTargetPlatform (91)
[2019.04.28-11.48.29:349][398]LogModuleManager: Shutting down and abandoning module MacServerTargetPlatform (89)
[2019.04.28-11.48.29:349][398]LogModuleManager: Shutting down and abandoning module MacNoEditorTargetPlatform (87)
[2019.04.28-11.48.29:349][398]LogModuleManager: Shutting down and abandoning module MacClientTargetPlatform (85)
[2019.04.28-11.48.29:349][398]LogModuleManager: Shutting down and abandoning module AllDesktopTargetPlatform (83)
[2019.04.28-11.48.29:349][398]LogModuleManager: Shutting down and abandoning module InputCore (80)
[2019.04.28-11.48.29:349][398]LogModuleManager: Shutting down and abandoning module Settings (78)
[2019.04.28-11.48.29:349][398]LogModuleManager: Shutting down and abandoning module DirectoryWatcher (76)
[2019.04.28-11.48.29:349][398]LogModuleManager: Shutting down and abandoning module PhysXCooking (74)
[2019.04.28-11.48.29:349][398]LogModuleManager: Shutting down and abandoning module SteamVR (72)
[2019.04.28-11.48.29:349][398]LogHMD: Freeing OpenVRDLLHandle.
[2019.04.28-11.48.29:349][398]LogModuleManager: Shutting down and abandoning module OculusHMD (70)
[2019.04.28-11.48.29:349][398]LogModuleManager: Shutting down and abandoning module ExampleDeviceProfileSelector (68)
[2019.04.28-11.48.29:349][398]LogModuleManager: Shutting down and abandoning module LauncherChunkInstaller (66)
[2019.04.28-11.48.29:349][398]LogModuleManager: Shutting down and abandoning module OnlineBlueprintSupport (64)
[2019.04.28-11.48.29:349][398]LogModuleManager: Shutting down and abandoning module OnlineSubsystem (60)
[2019.04.28-11.48.29:350][398]LogModuleManager: Shutting down and abandoning module XMPP (55)
[2019.04.28-11.48.29:351][398]LogModuleManager: Shutting down and abandoning module WebSockets (54)
[2019.04.28-11.48.29:368][398]LogModuleManager: Shutting down and abandoning module HTTP (51)
[2019.04.28-11.48.29:368][398]LogHttp: Display: Http module shutting down, but needs to wait on 1 outstanding Http requests:
[2019.04.28-11.48.29:368][398]LogHttp: Display: 	verb=[POST] url=[https://datarouter.ol.epicgames.com/datarouter/api/v1/public/data?SessionID=%7B3FE17D16-4146-DCE8-7B5C-A290BD941EBC%7D&AppID=UEEditor.Rocket.Release&AppVersion=4.22.0-5660361%2B%2B%2BUE4%2BRelease-4.22&UserID=2d1bf1bb4116b96b16cdb88c34c8a43c%7C460d1ca0c01d47f2baf2f9d133fd55d6%7C378665cd-d361-490f-a564-1d6eb8316fd4&AppEnvironment=datacollector-binary&UploadType=eteventstream] status=Processing
[2019.04.28-11.48.29:401][398]LogModuleManager: Shutting down and abandoning module SSL (50)
[2019.04.28-11.48.29:402][398]LogModuleManager: Shutting down and abandoning module WmfMedia (46)
[2019.04.28-11.48.29:406][398]LogModuleManager: Shutting down and abandoning module Media (45)
[2019.04.28-11.48.29:413][398]LogModuleManager: Shutting down and abandoning module MagicLeap (42)
[2019.04.28-11.48.29:413][398]LogModuleManager: Shutting down and abandoning module DatasmithContent (40)
[2019.04.28-11.48.29:413][398]LogModuleManager: Shutting down and abandoning module AnimationModifiers (38)
[2019.04.28-11.48.29:414][398]LogModuleManager: Shutting down and abandoning module PropertyEditor (37)
[2019.04.28-11.48.29:414][398]LogModuleManager: Shutting down and abandoning module AudioEditor (34)
[2019.04.28-11.48.29:414][398]LogModuleManager: Shutting down and abandoning module TextureCompressor (32)
[2019.04.28-11.48.29:414][398]LogModuleManager: Shutting down and abandoning module RenderCore (30)
[2019.04.28-11.48.29:414][398]LogModuleManager: Shutting down and abandoning module Landscape (28)
[2019.04.28-11.48.29:414][398]LogModuleManager: Shutting down and abandoning module SlateRHIRenderer (26)
[2019.04.28-11.48.29:415][398]LogModuleManager: Shutting down and abandoning module OpenGLDrv (24)
[2019.04.28-11.48.29:415][398]LogModuleManager: Shutting down and abandoning module D3D11RHI (22)
[2019.04.28-11.48.29:415][398]LogModuleManager: Shutting down and abandoning module AnimGraphRuntime (20)
[2019.04.28-11.48.29:415][398]LogModuleManager: Shutting down and abandoning module Renderer (18)
[2019.04.28-11.48.29:415][398]LogModuleManager: Shutting down and abandoning module Engine (16)
[2019.04.28-11.48.29:415][398]LogModuleManager: Shutting down and abandoning module CoreUObject (14)
[2019.04.28-11.48.29:415][398]LogModuleManager: Shutting down and abandoning module NetworkFile (12)
[2019.04.28-11.48.29:416][398]LogModuleManager: Shutting down and abandoning module CookedIterativeFile (10)
[2019.04.28-11.48.29:416][398]LogModuleManager: Shutting down and abandoning module StreamingFile (8)
[2019.04.28-11.48.29:416][398]LogModuleManager: Shutting down and abandoning module SandboxFile (6)
[2019.04.28-11.48.29:416][398]LogModuleManager: Shutting down and abandoning module PakFile (4)
[2019.04.28-11.48.29:416][398]LogModuleManager: Shutting down and abandoning module RSA (3)
[2019.04.28-11.48.29:428][398]LogExit: Exiting.
[2019.04.28-11.48.29:439][398]Log file closed, 04/28/19 13:48:29
